01:03:07 - WARNING - fatih came in
01:03:07 - WARNING - fatih came in
01:03:07 - WARNING - fatih came in
01:03:08 - WARNING - fatih came in
01:03:08 - WARNING - fatih came in
01:03:08 - WARNING - fatih came in
01:03:08 - WARNING - fatih came in
01:03:08 - WARNING - fatih came in
01:03:08 - WARNING - fatih came in
01:03:08 - WARNING - fatih came in
01:03:08 - WARNING - fatih came in
01:03:08 - WARNING - fatih came in
01:03:09 - WARNING - fatih came in
01:03:09 - WARNING - fatih came in
01:03:09 - WARNING - fatih came in
01:03:09 - WARNING - Unknown entrance
01:03:09 - WARNING - Unknown entrance
01:03:09 - WARNING - Unknown entrance
01:03:09 - WARNING - Unknown entrance
01:03:09 - WARNING - Unknown entrance
01:03:09 - WARNING - Unknown entrance
01:03:10 - WARNING - Unknown entrance
01:03:10 - WARNING - fatih came in
01:03:10 - WARNING - fatih came in
01:03:10 - WARNING - fatih came in
01:03:10 - WARNING - fatih came in
01:03:10 - WARNING - fatih came in
01:03:10 - WARNING - fatih came in
01:03:10 - WARNING - fatih came in
01:03:10 - WARNING - fatih came in
01:03:11 - WARNING - fatih came in
01:03:11 - WARNING - fatih came in
01:03:11 - WARNING - fatih came in
01:03:11 - WARNING - fatih came in
01:03:11 - WARNING - fatih came in
01:03:11 - WARNING - fatih came in
01:03:11 - WARNING - fatih came in
01:03:11 - WARNING - fatih came in
01:03:11 - WARNING - fatih came in
01:03:11 - WARNING - fatih came in
01:03:12 - WARNING - fatih came in
01:03:12 - WARNING - fatih came in
01:03:12 - WARNING - fatih came in
01:03:12 - WARNING - fatih came in
01:03:12 - WARNING - fatih came in
01:03:12 - WARNING - fatih came in
01:03:12 - WARNING - fatih came in
01:03:12 - WARNING - fatih came in
01:03:12 - WARNING - fatih came in
01:03:13 - WARNING - fatih came in
01:03:13 - WARNING - fatih came in
01:03:13 - WARNING - fatih came in
01:03:13 - WARNING - fatih came in
01:03:13 - WARNING - fatih came in
01:03:13 - WARNING - fatih came in
01:03:13 - WARNING - Unknown entrance
01:03:13 - WARNING - Unknown entrance
01:03:13 - WARNING - Unknown entrance
01:03:14 - WARNING - Unknown entrance
01:03:14 - WARNING - Unknown entrance
01:03:14 - WARNING - Unknown entrance
01:03:14 - WARNING - fatih came in
01:03:14 - WARNING - fatih came in
01:03:14 - WARNING - fatih came in
01:03:14 - WARNING - fatih came in
01:03:14 - WARNING - fatih came in
01:03:14 - WARNING - fatih came in
01:03:15 - WARNING - fatih came in
01:03:15 - WARNING - fatih came in
01:03:15 - WARNING - fatih came in
01:03:15 - WARNING - fatih came in
01:03:15 - WARNING - fatih came in
01:03:15 - WARNING - fatih came in
01:03:15 - WARNING - fatih came in
01:03:15 - WARNING - fatih came in
01:03:15 - WARNING - fatih came in
2020-02-24 02:15:54,226 - WARNING - fatih came in
2020-02-24 02:15:54,391 - WARNING - fatih came in
2020-02-24 02:15:54,533 - WARNING - Unknown entrance
2020-02-24 02:15:54,708 - WARNING - fatih came in
2020-02-24 02:15:54,803 - WARNING - fatih came in
2020-02-24 02:15:54,904 - WARNING - fatih came in
2020-02-24 02:15:55,002 - WARNING - fatih came in
2020-02-24 02:15:55,100 - WARNING - fatih came in
2020-02-24 02:15:55,199 - WARNING - fatih came in
2020-02-24 02:15:55,299 - WARNING - fatih came in
2020-02-24 02:15:55,397 - WARNING - fatih came in
2020-02-24 02:15:55,496 - WARNING - fatih came in
2020-02-24 02:15:55,595 - WARNING - fatih came in
2020-02-24 02:15:55,696 - WARNING - fatih came in
2020-02-24 02:15:55,795 - WARNING - fatih came in
2020-02-24 02:15:55,901 - WARNING - fatih came in
2020-02-24 02:15:56,002 - WARNING - fatih came in
2020-02-24 02:15:56,103 - WARNING - fatih came in
2020-02-24 02:15:56,203 - WARNING - fatih came in
2020-02-24 02:15:56,305 - WARNING - fatih came in
2020-02-24 02:15:56,405 - WARNING - fatih came in
2020-02-24 02:15:56,508 - WARNING - fatih came in
2020-02-24 02:15:56,608 - WARNING - fatih came in
2020-02-24 02:15:56,708 - WARNING - fatih came in
2020-02-24 02:15:56,809 - WARNING - fatih came in
2020-02-24 02:15:56,910 - WARNING - fatih came in
2020-02-24 02:15:57,012 - WARNING - fatih came in
2020-02-24 02:15:57,113 - WARNING - fatih came in
2020-02-24 02:15:57,214 - WARNING - fatih came in
2020-02-24 02:15:57,316 - WARNING - fatih came in
2020-02-24 02:15:57,417 - WARNING - fatih came in
2020-02-24 02:15:57,516 - WARNING - fatih came in
2020-02-24 02:15:57,617 - WARNING - fatih came in
2020-02-24 02:15:57,717 - WARNING - fatih came in
2020-02-24 02:15:57,819 - WARNING - fatih came in
2020-02-24 02:15:57,919 - WARNING - fatih came in
2020-02-24 02:15:58,019 - WARNING - fatih came in
2020-02-24 02:15:58,121 - WARNING - fatih came in
2020-02-24 02:15:58,223 - WARNING - fatih came in
2020-02-24 02:15:58,327 - WARNING - fatih came in
2020-02-24 02:15:58,430 - WARNING - fatih came in
2020-02-24 02:15:58,534 - WARNING - fatih came in
2020-02-24 02:15:58,639 - WARNING - fatih came in
2020-02-24 02:15:58,744 - WARNING - fatih came in
2020-02-24 02:15:58,847 - WARNING - fatih came in
2020-02-24 02:15:58,947 - WARNING - fatih came in
2020-02-24 02:15:59,051 - WARNING - fatih came in
2020-02-24 02:15:59,156 - WARNING - fatih came in
2020-02-24 02:15:59,260 - WARNING - fatih came in
2020-02-24 02:15:59,366 - WARNING - fatih came in
2020-02-24 02:15:59,470 - WARNING - fatih came in
2020-02-24 02:15:59,573 - WARNING - fatih came in
2020-02-24 02:15:59,676 - WARNING - fatih came in
2020-02-24 02:15:59,774 - WARNING - fatih came in
2020-02-24 02:15:59,878 - WARNING - fatih came in
2020-02-24 02:15:59,987 - WARNING - fatih came in
2020-02-24 02:16:00,105 - WARNING - fatih came in
2020-02-24 02:16:00,214 - WARNING - fatih came in
2020-02-24 02:16:00,324 - WARNING - fatih came in
2020-02-24 02:16:00,434 - WARNING - fatih came in
2020-02-24 02:16:00,547 - WARNING - fatih came in
2020-02-24 02:16:00,658 - WARNING - fatih came in
2020-02-24 02:16:00,766 - WARNING - fatih came in
2020-02-24 02:16:00,877 - WARNING - fatih came in
2020-02-24 02:16:01,035 - WARNING - fatih came in
2020-02-24 02:16:01,052 - WARNING - Unknown entrance
2020-02-24 02:16:01,213 - WARNING - fatih came in
2020-02-24 02:16:01,230 - WARNING - Unknown entrance
2020-02-24 02:16:01,389 - WARNING - fatih came in
2020-02-24 02:16:01,407 - WARNING - Unknown entrance
2020-02-24 02:16:01,565 - WARNING - fatih came in
2020-02-24 02:16:01,582 - WARNING - Unknown entrance
2020-02-24 02:16:01,741 - WARNING - fatih came in
2020-02-24 02:16:01,758 - WARNING - Unknown entrance
2020-02-24 02:16:01,917 - WARNING - fatih came in
2020-02-24 02:16:01,934 - WARNING - Unknown entrance
2020-02-24 02:16:02,088 - WARNING - fatih came in
2020-02-24 02:16:02,105 - WARNING - Unknown entrance
2020-02-24 02:16:02,262 - WARNING - fatih came in
2020-02-24 02:16:02,279 - WARNING - Unknown entrance
2020-02-24 02:16:02,430 - WARNING - fatih came in
2020-02-24 02:16:02,448 - WARNING - Unknown entrance
2020-02-24 02:16:02,598 - WARNING - fatih came in
2020-02-24 02:16:02,614 - WARNING - Unknown entrance
2020-02-24 02:16:02,764 - WARNING - fatih came in
2020-02-24 02:16:02,781 - WARNING - Unknown entrance
2020-02-24 02:16:02,934 - WARNING - fatih came in
2020-02-24 02:16:02,951 - WARNING - Unknown entrance
2020-02-24 02:16:03,105 - WARNING - fatih came in
2020-02-24 02:16:03,122 - WARNING - Unknown entrance
2020-02-24 02:16:03,277 - WARNING - fatih came in
2020-02-24 02:16:03,295 - WARNING - Unknown entrance
2020-02-24 02:16:03,450 - WARNING - fatih came in
2020-02-24 02:16:03,467 - WARNING - Unknown entrance
2020-02-24 02:16:03,622 - WARNING - fatih came in
2020-02-24 02:16:03,638 - WARNING - Unknown entrance
2020-02-24 02:16:03,792 - WARNING - fatih came in
2020-02-24 02:16:03,809 - WARNING - Unknown entrance
2020-02-24 02:16:03,963 - WARNING - fatih came in
2020-02-24 02:16:03,980 - WARNING - Unknown entrance
2020-02-24 02:16:04,085 - WARNING - fatih came in
2020-02-24 02:16:04,237 - WARNING - fatih came in
2020-02-24 02:16:04,254 - WARNING - Unknown entrance
2020-02-24 02:16:04,410 - WARNING - fatih came in
2020-02-24 02:16:04,426 - WARNING - Unknown entrance
2020-02-24 02:16:04,581 - WARNING - fatih came in
2020-02-24 02:16:04,598 - WARNING - Unknown entrance
2020-02-24 02:16:04,705 - WARNING - fatih came in
2020-02-24 02:16:04,811 - WARNING - fatih came in
2020-02-24 02:16:04,918 - WARNING - fatih came in
2020-02-24 02:16:05,075 - WARNING - fatih came in
2020-02-24 02:16:05,092 - WARNING - Unknown entrance
2020-02-24 02:16:05,248 - WARNING - fatih came in
2020-02-24 02:16:05,265 - WARNING - Unknown entrance
2020-02-24 02:16:05,424 - WARNING - fatih came in
2020-02-24 02:16:05,442 - WARNING - Unknown entrance
2020-02-24 02:16:05,604 - WARNING - fatih came in
2020-02-24 02:16:05,621 - WARNING - Unknown entrance
2020-02-24 02:16:05,783 - WARNING - fatih came in
2020-02-24 02:16:05,800 - WARNING - Unknown entrance
2020-02-24 02:16:05,953 - WARNING - fatih came in
2020-02-24 02:16:05,969 - WARNING - Unknown entrance
2020-02-24 02:16:06,117 - WARNING - fatih came in
2020-02-24 02:16:06,133 - WARNING - Unknown entrance
2020-02-24 02:16:06,284 - WARNING - fatih came in
2020-02-24 02:16:06,301 - WARNING - Unknown entrance
2020-02-24 02:16:06,403 - WARNING - fatih came in
2020-02-24 02:16:06,511 - WARNING - fatih came in
2020-02-24 02:16:06,668 - WARNING - fatih came in
2020-02-24 02:16:06,685 - WARNING - Unknown entrance
2020-02-24 02:16:06,793 - WARNING - fatih came in
2020-02-24 02:16:06,903 - WARNING - fatih came in
2020-02-24 02:16:07,012 - WARNING - fatih came in
2020-02-24 02:16:07,123 - WARNING - fatih came in
2020-02-24 02:16:07,283 - WARNING - fatih came in
2020-02-24 02:16:07,300 - WARNING - Unknown entrance
2020-02-24 02:16:07,460 - WARNING - fatih came in
2020-02-24 02:16:07,477 - WARNING - Unknown entrance
2020-02-24 02:16:07,586 - WARNING - fatih came in
2020-02-24 02:16:07,744 - WARNING - fatih came in
2020-02-24 02:16:07,762 - WARNING - Unknown entrance
2020-02-24 02:16:07,921 - WARNING - fatih came in
2020-02-24 02:16:07,939 - WARNING - Unknown entrance
2020-02-24 02:16:08,099 - WARNING - fatih came in
2020-02-24 02:16:08,116 - WARNING - Unknown entrance
2020-02-24 02:16:08,278 - WARNING - fatih came in
2020-02-24 02:16:08,296 - WARNING - Unknown entrance
2020-02-24 02:16:08,455 - WARNING - fatih came in
2020-02-24 02:16:08,472 - WARNING - Unknown entrance
2020-02-24 02:16:08,582 - WARNING - fatih came in
2020-02-24 02:16:08,746 - WARNING - fatih came in
2020-02-24 02:16:08,763 - WARNING - Unknown entrance
2020-02-24 02:16:08,873 - WARNING - fatih came in
2020-02-24 02:16:08,964 - WARNING - fatih came in
2020-02-24 02:16:09,057 - WARNING - fatih came in
2020-02-24 02:16:09,157 - WARNING - fatih came in
2020-02-24 02:16:09,263 - WARNING - fatih came in
2020-02-24 02:16:09,373 - WARNING - fatih came in
2020-02-24 02:16:09,482 - WARNING - fatih came in
2020-02-24 02:16:09,592 - WARNING - fatih came in
2020-02-24 02:16:09,702 - WARNING - fatih came in
2020-02-24 02:16:09,811 - WARNING - fatih came in
2020-02-24 02:16:09,918 - WARNING - fatih came in
2020-02-24 02:16:10,020 - WARNING - fatih came in
2020-02-24 02:16:10,122 - WARNING - fatih came in
2020-02-24 02:16:10,226 - WARNING - fatih came in
2020-02-24 02:16:10,330 - WARNING - fatih came in
2020-02-24 02:16:10,435 - WARNING - fatih came in
2020-02-24 02:16:10,538 - WARNING - fatih came in
2020-02-24 02:16:10,642 - WARNING - fatih came in
2020-02-24 02:16:10,746 - WARNING - fatih came in
2020-02-24 02:16:10,850 - WARNING - fatih came in
2020-02-24 02:16:10,954 - WARNING - fatih came in
2020-02-24 02:16:11,058 - WARNING - fatih came in
2020-02-24 02:16:11,160 - WARNING - fatih came in
2020-02-24 02:16:11,263 - WARNING - fatih came in
2020-02-24 02:16:11,369 - WARNING - fatih came in
2020-02-24 02:16:11,477 - WARNING - fatih came in
2020-02-24 02:16:11,583 - WARNING - fatih came in
2020-02-24 02:16:11,690 - WARNING - fatih came in
2020-02-24 02:16:11,798 - WARNING - fatih came in
2020-02-24 02:16:11,907 - WARNING - fatih came in
2020-02-24 02:16:12,016 - WARNING - fatih came in
2020-02-24 02:16:12,124 - WARNING - fatih came in
2020-02-24 02:16:12,233 - WARNING - fatih came in
2020-02-24 02:16:12,343 - WARNING - fatih came in
2020-02-24 02:16:12,454 - WARNING - fatih came in
2020-02-24 02:16:12,565 - WARNING - fatih came in
2020-02-24 02:16:12,678 - WARNING - fatih came in
2020-02-24 02:16:12,790 - WARNING - fatih came in
2020-02-24 02:16:12,903 - WARNING - fatih came in
2020-02-24 02:16:13,014 - WARNING - fatih came in
2020-02-24 02:16:13,126 - WARNING - fatih came in
2020-02-24 02:16:13,234 - WARNING - fatih came in
2020-02-24 02:16:13,346 - WARNING - fatih came in
2020-02-24 02:16:13,455 - WARNING - fatih came in
2020-02-24 02:16:13,565 - WARNING - fatih came in
2020-02-24 02:16:13,676 - WARNING - fatih came in
2020-02-24 02:16:13,787 - WARNING - fatih came in
2020-02-24 02:16:13,895 - WARNING - fatih came in
2020-02-24 02:16:14,005 - WARNING - fatih came in
2020-02-24 02:16:14,116 - WARNING - fatih came in
2020-02-24 02:16:14,220 - WARNING - fatih came in
2020-02-24 02:16:14,323 - WARNING - fatih came in
2020-02-24 02:16:14,427 - WARNING - fatih came in
2020-02-24 02:16:14,530 - WARNING - fatih came in
2020-02-24 02:16:14,635 - WARNING - fatih came in
2020-02-24 02:16:14,739 - WARNING - fatih came in
2020-02-24 02:16:14,842 - WARNING - fatih came in
2020-02-24 02:16:14,944 - WARNING - fatih came in
2020-02-24 02:16:15,047 - WARNING - fatih came in
2020-02-24 02:16:15,151 - WARNING - fatih came in
2020-02-24 02:16:15,254 - WARNING - fatih came in
2020-02-24 02:16:15,357 - WARNING - fatih came in
2020-02-24 02:16:15,463 - WARNING - fatih came in
2020-02-24 02:16:15,565 - WARNING - fatih came in
2020-02-24 02:16:15,666 - WARNING - fatih came in
2020-02-24 02:16:15,767 - WARNING - fatih came in
2020-02-24 02:16:15,872 - WARNING - fatih came in
2020-02-24 02:16:15,975 - WARNING - fatih came in
2020-02-24 02:16:16,079 - WARNING - fatih came in
2020-02-24 02:18:15,882 - WARNING - fatih came in
2020-02-24 02:18:16,080 - WARNING - fatih came in
2020-02-24 02:18:16,228 - WARNING - fatih came in
2020-02-24 02:18:16,361 - WARNING - fatih came in
2020-02-24 02:18:16,492 - WARNING - fatih came in
2020-02-24 02:18:16,623 - WARNING - fatih came in
2020-02-24 02:18:16,753 - WARNING - fatih came in
2020-02-24 02:18:16,885 - WARNING - fatih came in
2020-02-24 02:18:17,116 - WARNING - fatih came in
2020-02-24 02:18:17,240 - WARNING - fatih came in
2020-02-24 02:18:17,376 - WARNING - fatih came in
2020-02-24 02:18:17,509 - WARNING - fatih came in
2020-02-24 02:18:17,664 - WARNING - fatih came in
2020-02-24 02:18:17,805 - WARNING - fatih came in
2020-02-24 02:18:17,936 - WARNING - fatih came in
2020-02-24 02:18:18,102 - WARNING - fatih came in
2020-02-24 02:18:18,244 - WARNING - fatih came in
2020-02-24 02:18:18,379 - WARNING - fatih came in
2020-02-24 02:18:18,513 - WARNING - fatih came in
2020-02-24 02:18:18,646 - WARNING - fatih came in
2020-02-24 02:18:18,779 - WARNING - fatih came in
2020-02-24 02:18:18,909 - WARNING - fatih came in
2020-02-24 02:18:19,041 - WARNING - fatih came in
2020-02-24 02:18:19,172 - WARNING - fatih came in
2020-02-24 02:18:19,304 - WARNING - fatih came in
2020-02-24 02:18:19,434 - WARNING - fatih came in
2020-02-24 02:18:19,565 - WARNING - fatih came in
2020-02-24 02:18:19,695 - WARNING - fatih came in
2020-02-24 02:18:19,825 - WARNING - fatih came in
2020-02-24 02:18:19,957 - WARNING - fatih came in
2020-02-24 02:18:20,200 - WARNING - fatih came in
2020-02-24 02:18:20,333 - WARNING - fatih came in
2020-02-24 02:18:20,465 - WARNING - fatih came in
2020-02-24 02:18:20,597 - WARNING - fatih came in
2020-02-24 02:18:20,728 - WARNING - fatih came in
2020-02-24 02:18:20,861 - WARNING - fatih came in
2020-02-24 02:18:20,993 - WARNING - fatih came in
2020-02-24 02:18:21,127 - WARNING - fatih came in
2020-02-24 02:18:21,259 - WARNING - fatih came in
2020-02-24 02:18:21,394 - WARNING - fatih came in
2020-02-24 02:18:21,525 - WARNING - fatih came in
2020-02-24 02:18:21,657 - WARNING - fatih came in
2020-02-24 02:18:21,787 - WARNING - fatih came in
2020-02-24 02:18:21,920 - WARNING - fatih came in
2020-02-24 02:18:22,054 - WARNING - fatih came in
2020-02-24 02:18:22,186 - WARNING - fatih came in
2020-02-24 02:18:22,319 - WARNING - fatih came in
2020-02-24 02:18:22,432 - WARNING - fatih came in
2020-02-24 02:18:22,548 - WARNING - fatih came in
2020-02-24 02:18:22,681 - WARNING - fatih came in
2020-02-24 02:18:22,813 - WARNING - fatih came in
2020-02-24 02:18:22,946 - WARNING - fatih came in
2020-02-24 02:18:23,079 - WARNING - fatih came in
2020-02-24 02:18:23,210 - WARNING - fatih came in
2020-02-24 02:18:23,343 - WARNING - fatih came in
2020-02-24 02:18:23,477 - WARNING - fatih came in
2020-02-24 02:18:23,609 - WARNING - fatih came in
2020-02-24 02:18:23,747 - WARNING - fatih came in
2020-02-24 02:18:23,883 - WARNING - fatih came in
2020-02-24 02:18:24,017 - WARNING - fatih came in
2020-02-24 02:18:24,151 - WARNING - fatih came in
2020-02-24 02:18:24,285 - WARNING - fatih came in
2020-02-24 02:18:24,418 - WARNING - fatih came in
2020-02-24 02:18:24,605 - WARNING - fatih came in
2020-02-24 02:18:24,626 - WARNING - Unknown entrance
2020-02-24 02:18:24,829 - WARNING - Unknown entrance
2020-02-24 02:18:24,853 - WARNING - Unknown entrance
2020-02-24 02:18:24,989 - WARNING - Unknown entrance
2020-02-24 02:18:25,166 - WARNING - Unknown entrance
2020-02-24 02:18:25,315 - WARNING - Unknown entrance
2020-02-24 02:18:25,464 - WARNING - Unknown entrance
2020-02-24 02:18:25,616 - WARNING - Unknown entrance
2020-02-24 02:18:25,768 - WARNING - Unknown entrance
2020-02-24 02:18:25,921 - WARNING - Unknown entrance
2020-02-24 02:18:26,075 - WARNING - Unknown entrance
2020-02-24 02:18:26,227 - WARNING - Unknown entrance
2020-02-24 02:18:26,381 - WARNING - Unknown entrance
2020-02-24 02:18:26,534 - WARNING - Unknown entrance
2020-02-24 02:18:26,686 - WARNING - Unknown entrance
2020-02-24 02:18:26,838 - WARNING - Unknown entrance
2020-02-24 02:18:26,990 - WARNING - Unknown entrance
2020-02-24 02:18:27,143 - WARNING - Unknown entrance
2020-02-24 02:18:27,296 - WARNING - Unknown entrance
2020-02-24 02:18:27,449 - WARNING - Unknown entrance
2020-02-24 02:18:27,600 - WARNING - Unknown entrance
2020-02-24 02:18:27,751 - WARNING - Unknown entrance
2020-02-24 02:18:27,962 - WARNING - Unknown entrance
2020-02-24 02:18:27,964 - WARNING - fatih came in
2020-02-24 02:18:28,168 - WARNING - Unknown entrance
2020-02-24 02:18:28,170 - WARNING - fatih came in
2020-02-24 02:18:28,322 - WARNING - Unknown entrance
2020-02-24 02:18:28,525 - WARNING - Unknown entrance
2020-02-24 02:18:28,546 - WARNING - Unknown entrance
2020-02-24 02:18:28,737 - WARNING - Unknown entrance
2020-02-24 02:18:28,739 - WARNING - fatih came in
2020-02-24 02:18:28,942 - WARNING - Unknown entrance
2020-02-24 02:18:28,944 - WARNING - fatih came in
2020-02-24 02:18:29,127 - WARNING - fatih came in
2020-02-24 02:18:29,145 - WARNING - Unknown entrance
2020-02-24 02:18:29,334 - WARNING - fatih came in
2020-02-24 02:18:29,357 - WARNING - Unknown entrance
2020-02-24 02:18:29,540 - WARNING - fatih came in
2020-02-24 02:18:29,562 - WARNING - Unknown entrance
2020-02-24 02:18:29,748 - WARNING - fatih came in
2020-02-24 02:18:29,769 - WARNING - Unknown entrance
2020-02-24 02:18:29,952 - WARNING - fatih came in
2020-02-24 02:18:29,972 - WARNING - Unknown entrance
2020-02-24 02:18:30,155 - WARNING - fatih came in
2020-02-24 02:18:30,177 - WARNING - Unknown entrance
2020-02-24 02:18:30,359 - WARNING - fatih came in
2020-02-24 02:18:30,381 - WARNING - Unknown entrance
2020-02-24 02:18:30,564 - WARNING - fatih came in
2020-02-24 02:18:30,585 - WARNING - Unknown entrance
2020-02-24 02:18:30,768 - WARNING - fatih came in
2020-02-24 02:18:30,790 - WARNING - Unknown entrance
2020-02-24 02:18:30,973 - WARNING - fatih came in
2020-02-24 02:18:30,995 - WARNING - Unknown entrance
2020-02-24 02:18:31,178 - WARNING - fatih came in
2020-02-24 02:18:31,200 - WARNING - Unknown entrance
2020-02-24 02:18:31,331 - WARNING - fatih came in
2020-02-24 02:18:31,464 - WARNING - fatih came in
2020-02-24 02:18:31,597 - WARNING - fatih came in
2020-02-24 02:18:31,782 - WARNING - fatih came in
2020-02-24 02:18:31,804 - WARNING - Unknown entrance
2020-02-24 02:18:31,935 - WARNING - fatih came in
2020-02-24 02:18:32,069 - WARNING - fatih came in
2020-02-24 02:18:32,201 - WARNING - fatih came in
2020-02-24 02:18:32,334 - WARNING - fatih came in
2020-02-24 02:18:32,469 - WARNING - fatih came in
2020-02-24 02:18:32,602 - WARNING - fatih came in
2020-02-24 02:18:32,788 - WARNING - fatih came in
2020-02-24 02:18:32,810 - WARNING - Unknown entrance
2020-02-24 02:18:32,942 - WARNING - fatih came in
2020-02-24 02:18:33,128 - WARNING - fatih came in
2020-02-24 02:18:33,149 - WARNING - Unknown entrance
2020-02-24 02:18:33,297 - WARNING - fatih came in
2020-02-24 02:18:33,411 - WARNING - fatih came in
2020-02-24 02:18:33,509 - WARNING - fatih came in
2020-02-24 02:18:33,608 - WARNING - fatih came in
2020-02-24 02:18:33,708 - WARNING - fatih came in
2020-02-24 02:18:33,811 - WARNING - fatih came in
2020-02-24 02:18:33,912 - WARNING - fatih came in
2020-02-24 02:18:34,014 - WARNING - fatih came in
2020-02-24 02:18:34,171 - WARNING - fatih came in
2020-02-24 02:18:34,191 - WARNING - Unknown entrance
2020-02-24 02:18:34,356 - WARNING - fatih came in
2020-02-24 02:18:34,373 - WARNING - Unknown entrance
2020-02-24 02:18:34,488 - WARNING - fatih came in
2020-02-24 02:18:34,601 - WARNING - fatih came in
2020-02-24 02:18:34,777 - WARNING - fatih came in
2020-02-24 02:18:34,796 - WARNING - Unknown entrance
2020-02-24 02:18:34,969 - WARNING - fatih came in
2020-02-24 02:18:34,989 - WARNING - Unknown entrance
2020-02-24 02:18:35,162 - WARNING - fatih came in
2020-02-24 02:18:35,183 - WARNING - Unknown entrance
2020-02-24 02:18:35,359 - WARNING - fatih came in
2020-02-24 02:18:35,380 - WARNING - Unknown entrance
2020-02-24 02:18:35,557 - WARNING - fatih came in
2020-02-24 02:18:35,579 - WARNING - Unknown entrance
2020-02-24 02:18:35,755 - WARNING - fatih came in
2020-02-24 02:18:35,776 - WARNING - Unknown entrance
2020-02-24 02:18:35,928 - WARNING - fatih came in
2020-02-24 02:18:35,944 - WARNING - Unknown entrance
2020-02-24 02:18:36,073 - WARNING - Unknown entrance
2020-02-24 02:18:36,200 - WARNING - Unknown entrance
2020-02-24 02:18:36,329 - WARNING - Unknown entrance
2020-02-24 02:18:36,458 - WARNING - Unknown entrance
2020-02-24 02:18:36,585 - WARNING - Unknown entrance
2020-02-24 02:18:36,712 - WARNING - Unknown entrance
2020-02-24 02:18:36,839 - WARNING - Unknown entrance
2020-02-24 02:18:37,014 - WARNING - Unknown entrance
2020-02-24 02:18:37,014 - WARNING - fatih came in
2020-02-24 02:18:37,139 - WARNING - Unknown entrance
2020-02-24 02:18:37,265 - WARNING - Unknown entrance
2020-02-24 02:18:37,391 - WARNING - Unknown entrance
2020-02-24 02:18:37,516 - WARNING - Unknown entrance
2020-02-24 02:18:37,641 - WARNING - Unknown entrance
2020-02-24 02:18:37,814 - WARNING - Unknown entrance
2020-02-24 02:18:37,815 - WARNING - fatih came in
2020-02-24 02:18:37,939 - WARNING - Unknown entrance
2020-02-24 02:18:38,064 - WARNING - Unknown entrance
2020-02-24 02:18:38,194 - WARNING - Unknown entrance
2020-02-24 02:18:38,326 - WARNING - Unknown entrance
2020-02-24 02:18:38,457 - WARNING - Unknown entrance
2020-02-24 02:18:38,588 - WARNING - Unknown entrance
2020-02-24 02:18:38,723 - WARNING - Unknown entrance
2020-02-24 02:18:38,857 - WARNING - Unknown entrance
2020-02-24 02:18:39,032 - WARNING - Unknown entrance
2020-02-24 02:18:39,052 - WARNING - Unknown entrance
2020-02-24 02:18:39,185 - WARNING - Unknown entrance
2020-02-24 02:18:39,351 - WARNING - fatih came in
2020-02-24 02:18:39,371 - WARNING - Unknown entrance
2020-02-24 02:18:39,541 - WARNING - fatih came in
2020-02-24 02:18:39,560 - WARNING - Unknown entrance
2020-02-24 02:18:39,746 - WARNING - Unknown entrance
2020-02-24 02:18:39,748 - WARNING - fatih came in
2020-02-24 02:18:39,918 - WARNING - fatih came in
2020-02-24 02:18:39,936 - WARNING - Unknown entrance
2020-02-24 02:18:40,123 - WARNING - Unknown entrance
2020-02-24 02:18:40,125 - WARNING - fatih came in
2020-02-24 02:18:40,321 - WARNING - Unknown entrance
2020-02-24 02:18:40,323 - WARNING - fatih came in
2020-02-24 02:18:40,510 - WARNING - Unknown entrance
2020-02-24 02:18:40,512 - WARNING - fatih came in
2020-02-24 02:18:40,697 - WARNING - Unknown entrance
2020-02-24 02:18:40,699 - WARNING - fatih came in
2020-02-24 02:18:40,867 - WARNING - fatih came in
2020-02-24 02:18:40,886 - WARNING - Unknown entrance
2020-02-24 02:18:41,073 - WARNING - Unknown entrance
2020-02-24 02:18:41,075 - WARNING - fatih came in
2020-02-24 02:18:41,233 - WARNING - fatih came in
2020-02-24 02:18:41,252 - WARNING - Unknown entrance
2020-02-24 02:18:41,423 - WARNING - fatih came in
2020-02-24 02:18:41,442 - WARNING - Unknown entrance
2020-02-24 02:18:41,611 - WARNING - fatih came in
2020-02-24 02:18:41,630 - WARNING - Unknown entrance
2020-02-24 02:18:41,800 - WARNING - fatih came in
2020-02-24 02:18:41,819 - WARNING - Unknown entrance
2020-02-24 02:18:41,987 - WARNING - fatih came in
2020-02-24 02:18:42,006 - WARNING - Unknown entrance
2020-02-24 02:18:42,176 - WARNING - fatih came in
2020-02-24 02:18:42,194 - WARNING - Unknown entrance
2020-02-24 02:18:42,381 - WARNING - Unknown entrance
2020-02-24 02:18:42,383 - WARNING - fatih came in
2020-02-24 02:18:42,504 - WARNING - fatih came in
2020-02-24 02:18:42,622 - WARNING - fatih came in
2020-02-24 02:18:42,741 - WARNING - fatih came in
2020-02-24 02:18:42,861 - WARNING - fatih came in
2020-02-24 02:18:42,975 - WARNING - fatih came in
2020-02-24 02:18:43,088 - WARNING - fatih came in
2020-02-24 02:18:43,202 - WARNING - fatih came in
2020-02-24 02:18:43,315 - WARNING - fatih came in
2020-02-24 02:18:43,436 - WARNING - fatih came in
2020-02-24 02:18:43,554 - WARNING - fatih came in
2020-02-24 02:18:43,675 - WARNING - fatih came in
2020-02-24 02:18:43,795 - WARNING - fatih came in
2020-02-24 02:18:43,916 - WARNING - fatih came in
2020-02-24 02:18:44,029 - WARNING - fatih came in
2020-02-24 02:18:44,150 - WARNING - fatih came in
2020-02-24 02:18:44,263 - WARNING - fatih came in
2020-02-24 02:18:44,376 - WARNING - fatih came in
2020-02-24 02:18:44,489 - WARNING - fatih came in
2020-02-24 02:18:44,604 - WARNING - fatih came in
2020-02-24 02:20:17,683 - WARNING - fatih came in
2020-02-24 02:20:18,779 - WARNING - fatih came in
2020-02-24 02:20:18,934 - WARNING - fatih came in
2020-02-24 02:20:19,036 - WARNING - fatih came in
2020-02-24 02:20:19,134 - WARNING - fatih came in
2020-02-24 02:20:19,236 - WARNING - fatih came in
2020-02-24 02:20:19,344 - WARNING - fatih came in
2020-02-24 02:20:19,449 - WARNING - fatih came in
2020-02-24 02:20:19,555 - WARNING - fatih came in
2020-02-24 02:20:19,660 - WARNING - fatih came in
2020-02-24 02:20:19,765 - WARNING - fatih came in
2020-02-24 02:20:19,870 - WARNING - fatih came in
2020-02-24 02:20:19,976 - WARNING - fatih came in
2020-02-24 02:20:20,146 - WARNING - fatih came in
2020-02-24 02:20:20,246 - WARNING - fatih came in
2020-02-24 02:20:20,345 - WARNING - fatih came in
2020-02-24 02:20:20,447 - WARNING - fatih came in
2020-02-24 02:20:20,553 - WARNING - fatih came in
2020-02-24 02:20:20,658 - WARNING - fatih came in
2020-02-24 02:20:20,767 - WARNING - fatih came in
2020-02-24 02:20:20,877 - WARNING - fatih came in
2020-02-24 02:20:20,987 - WARNING - fatih came in
2020-02-24 02:20:21,096 - WARNING - fatih came in
2020-02-24 02:20:21,206 - WARNING - fatih came in
2020-02-24 02:20:21,314 - WARNING - fatih came in
2020-02-24 02:20:21,424 - WARNING - fatih came in
2020-02-24 02:20:21,533 - WARNING - fatih came in
2020-02-24 02:20:21,642 - WARNING - fatih came in
2020-02-24 02:20:21,750 - WARNING - fatih came in
2020-02-24 02:20:21,858 - WARNING - fatih came in
2020-02-24 02:20:21,966 - WARNING - fatih came in
2020-02-24 02:20:22,073 - WARNING - fatih came in
2020-02-24 02:20:22,180 - WARNING - fatih came in
2020-02-24 02:20:22,287 - WARNING - fatih came in
2020-02-24 02:20:22,404 - WARNING - fatih came in
2020-02-24 02:20:22,516 - WARNING - fatih came in
2020-02-24 02:20:22,628 - WARNING - fatih came in
2020-02-24 02:20:22,780 - WARNING - fatih came in
2020-02-24 02:20:22,898 - WARNING - fatih came in
2020-02-24 02:20:23,011 - WARNING - fatih came in
2020-02-24 02:20:23,124 - WARNING - fatih came in
2020-02-24 02:20:23,234 - WARNING - fatih came in
2020-02-24 02:20:23,349 - WARNING - fatih came in
2020-02-24 02:20:23,463 - WARNING - fatih came in
2020-02-24 02:20:23,575 - WARNING - fatih came in
2020-02-24 02:20:23,693 - WARNING - fatih came in
2020-02-24 02:20:23,826 - WARNING - fatih came in
2020-02-24 02:20:23,959 - WARNING - fatih came in
2020-02-24 02:20:24,079 - WARNING - fatih came in
2020-02-25 03:27:30,586 - WARNING - fatih came in
2020-02-25 03:40:23,943 - WARNING - fatih came in
2020-02-25 03:40:24,132 - WARNING - fatih came in
2020-02-25 03:40:24,247 - WARNING - fatih came in
2020-02-25 03:40:24,352 - WARNING - fatih came in
2020-02-25 03:40:24,460 - WARNING - fatih came in
2020-02-25 03:40:24,567 - WARNING - fatih came in
2020-02-25 03:40:24,677 - WARNING - fatih came in
2020-02-25 03:40:24,785 - WARNING - fatih came in
2020-02-25 03:40:24,891 - WARNING - fatih came in
2020-02-25 03:40:24,997 - WARNING - fatih came in
2020-02-25 03:40:25,108 - WARNING - fatih came in
2020-02-25 03:40:25,214 - WARNING - fatih came in
2020-02-25 03:40:25,328 - WARNING - fatih came in
2020-02-25 03:40:25,444 - WARNING - fatih came in
2020-02-25 03:40:25,569 - WARNING - fatih came in
2020-02-25 03:40:25,702 - WARNING - fatih came in
2020-02-25 03:40:25,816 - WARNING - fatih came in
2020-02-25 03:40:25,929 - WARNING - fatih came in
2020-02-25 03:40:26,038 - WARNING - fatih came in
2020-02-25 03:40:26,146 - WARNING - fatih came in
2020-02-25 03:40:26,252 - WARNING - fatih came in
2020-02-25 03:40:26,361 - WARNING - fatih came in
2020-02-25 03:40:26,470 - WARNING - fatih came in
2020-02-25 03:40:26,579 - WARNING - fatih came in
2020-02-25 03:40:26,687 - WARNING - fatih came in
2020-02-25 03:40:26,796 - WARNING - fatih came in
2020-02-25 03:40:26,912 - WARNING - fatih came in
2020-02-25 03:40:27,020 - WARNING - fatih came in
2020-02-25 03:40:27,129 - WARNING - fatih came in
2020-02-25 03:40:27,235 - WARNING - fatih came in
2020-02-25 03:40:27,341 - WARNING - fatih came in
2020-02-25 03:40:27,454 - WARNING - fatih came in
2020-02-25 03:40:27,566 - WARNING - fatih came in
2020-02-25 03:40:27,679 - WARNING - fatih came in
2020-02-25 03:40:27,794 - WARNING - fatih came in
2020-02-25 03:40:27,910 - WARNING - fatih came in
2020-02-25 03:40:28,027 - WARNING - fatih came in
2020-02-25 03:40:28,141 - WARNING - fatih came in
2020-02-25 03:40:28,257 - WARNING - fatih came in
2020-02-25 03:40:28,371 - WARNING - fatih came in
2020-02-25 03:40:28,485 - WARNING - fatih came in
2020-02-25 03:40:28,601 - WARNING - fatih came in
2020-02-25 03:40:28,714 - WARNING - fatih came in
2020-02-25 03:40:28,832 - WARNING - fatih came in
2020-02-25 03:40:28,945 - WARNING - fatih came in
2020-02-25 03:40:29,074 - WARNING - fatih came in
2020-02-25 03:40:29,195 - WARNING - fatih came in
2020-02-25 03:40:29,324 - WARNING - fatih came in
2020-02-25 03:40:29,440 - WARNING - fatih came in
2020-02-25 03:40:29,562 - WARNING - fatih came in
2020-02-25 03:40:29,685 - WARNING - fatih came in
2020-02-25 03:40:29,805 - WARNING - fatih came in
2020-02-25 03:40:29,926 - WARNING - fatih came in
2020-02-25 03:40:30,045 - WARNING - fatih came in
2020-02-25 03:40:30,167 - WARNING - fatih came in
2020-02-25 03:40:30,272 - WARNING - fatih came in
2020-02-25 03:40:30,377 - WARNING - fatih came in
2020-02-25 03:40:30,506 - WARNING - fatih came in
2020-02-25 03:40:30,633 - WARNING - fatih came in
2020-02-25 03:40:30,760 - WARNING - fatih came in
2020-02-25 03:40:30,882 - WARNING - fatih came in
2020-02-25 03:40:31,004 - WARNING - fatih came in
2020-02-25 03:40:31,123 - WARNING - fatih came in
2020-02-25 03:40:31,249 - WARNING - fatih came in
2020-02-25 03:40:31,366 - WARNING - fatih came in
2020-02-25 03:40:31,488 - WARNING - fatih came in
2020-02-25 03:40:31,610 - WARNING - fatih came in
2020-02-25 03:40:31,734 - WARNING - fatih came in
2020-02-25 03:40:31,856 - WARNING - fatih came in
2020-02-25 03:40:31,975 - WARNING - fatih came in
2020-02-25 03:40:32,103 - WARNING - fatih came in
2020-02-25 03:40:32,227 - WARNING - fatih came in
2020-02-25 03:40:32,348 - WARNING - fatih came in
2020-02-25 03:40:32,467 - WARNING - fatih came in
2020-02-25 03:40:32,592 - WARNING - fatih came in
2020-02-25 03:40:32,714 - WARNING - fatih came in
2020-02-25 03:40:32,838 - WARNING - fatih came in
2020-02-25 03:40:32,960 - WARNING - fatih came in
2020-02-25 03:40:33,094 - WARNING - fatih came in
2020-02-25 03:40:33,200 - WARNING - fatih came in
2020-02-25 03:40:33,316 - WARNING - fatih came in
2020-02-25 03:40:33,433 - WARNING - fatih came in
2020-02-25 03:40:33,546 - WARNING - fatih came in
2020-02-25 03:40:33,660 - WARNING - fatih came in
2020-02-25 03:40:33,771 - WARNING - fatih came in
2020-02-25 03:40:33,884 - WARNING - fatih came in
2020-02-25 03:40:34,003 - WARNING - fatih came in
2020-02-25 03:40:34,130 - WARNING - fatih came in
2020-02-25 03:40:34,247 - WARNING - fatih came in
2020-02-25 03:40:34,367 - WARNING - fatih came in
2020-02-25 03:40:34,482 - WARNING - fatih came in
2020-02-25 03:40:34,598 - WARNING - fatih came in
2020-02-25 03:40:34,712 - WARNING - fatih came in
2020-02-25 03:40:34,826 - WARNING - fatih came in
2020-02-25 03:40:34,949 - WARNING - fatih came in
2020-02-25 03:40:35,078 - WARNING - fatih came in
2020-02-25 03:40:35,189 - WARNING - fatih came in
2020-02-25 03:40:35,310 - WARNING - fatih came in
2020-02-25 03:40:35,426 - WARNING - fatih came in
2020-02-25 03:40:35,546 - WARNING - fatih came in
2020-02-25 03:40:35,662 - WARNING - fatih came in
2020-02-25 03:40:35,775 - WARNING - fatih came in
2020-02-25 03:40:35,890 - WARNING - fatih came in
2020-02-25 03:40:36,005 - WARNING - fatih came in
2020-02-25 03:40:36,133 - WARNING - fatih came in
2020-02-25 03:40:36,258 - WARNING - fatih came in
2020-02-25 03:40:36,378 - WARNING - fatih came in
2020-02-25 03:40:36,498 - WARNING - fatih came in
2020-02-25 03:40:36,618 - WARNING - fatih came in
2020-02-25 03:40:36,738 - WARNING - fatih came in
2020-02-25 03:40:36,865 - WARNING - fatih came in
2020-02-25 03:40:36,993 - WARNING - fatih came in
2020-02-25 03:40:37,124 - WARNING - fatih came in
2020-02-25 03:40:37,251 - WARNING - Unknown entrance
2020-02-25 03:40:37,372 - WARNING - Unknown entrance
2020-02-25 03:40:37,496 - WARNING - Unknown entrance
2020-02-25 03:40:37,619 - WARNING - Unknown entrance
2020-02-25 03:40:37,740 - WARNING - Unknown entrance
2020-02-25 03:40:37,864 - WARNING - fatih came in
2020-02-25 03:40:37,988 - WARNING - fatih came in
2020-02-25 03:40:38,115 - WARNING - Unknown entrance
2020-02-25 03:40:38,235 - WARNING - fatih came in
2020-02-25 03:40:38,362 - WARNING - fatih came in
2020-02-25 03:40:38,489 - WARNING - fatih came in
2020-02-25 03:40:38,608 - WARNING - fatih came in
2020-02-25 03:40:38,729 - WARNING - fatih came in
2020-02-25 03:40:38,857 - WARNING - fatih came in
2020-02-25 03:40:38,979 - WARNING - fatih came in
2020-02-25 03:40:39,106 - WARNING - fatih came in
2020-02-25 03:40:39,233 - WARNING - fatih came in
2020-02-25 03:40:39,352 - WARNING - fatih came in
2020-02-25 03:40:39,476 - WARNING - fatih came in
2020-02-25 03:40:39,602 - WARNING - fatih came in
2020-02-25 03:40:39,723 - WARNING - fatih came in
2020-02-25 03:40:39,842 - WARNING - fatih came in
2020-02-25 03:40:39,963 - WARNING - fatih came in
2020-02-25 03:40:40,096 - WARNING - fatih came in
2020-02-25 03:40:40,214 - WARNING - fatih came in
2020-02-25 03:40:40,330 - WARNING - fatih came in
2020-02-25 03:40:40,443 - WARNING - fatih came in
2020-02-25 03:40:40,553 - WARNING - fatih came in
2020-02-25 03:40:40,663 - WARNING - fatih came in
2020-02-25 03:40:40,776 - WARNING - fatih came in
2020-02-25 03:41:07,845 - WARNING - fatih came in
2020-02-25 03:41:08,017 - WARNING - fatih came in
2020-02-25 03:41:08,156 - WARNING - fatih came in
2020-02-25 03:41:08,279 - WARNING - fatih came in
2020-02-25 03:41:08,398 - WARNING - fatih came in
2020-02-25 03:41:08,512 - WARNING - fatih came in
2020-02-25 03:41:08,628 - WARNING - fatih came in
2020-02-25 03:41:08,742 - WARNING - fatih came in
2020-02-25 03:41:08,865 - WARNING - fatih came in
2020-02-25 03:41:08,987 - WARNING - fatih came in
2020-02-25 03:41:09,115 - WARNING - fatih came in
2020-02-25 03:41:09,234 - WARNING - fatih came in
2020-02-25 03:41:09,358 - WARNING - fatih came in
2020-02-25 03:41:09,467 - WARNING - fatih came in
2020-02-25 03:41:09,602 - WARNING - fatih came in
2020-02-25 03:41:09,712 - WARNING - fatih came in
2020-02-25 03:41:09,819 - WARNING - fatih came in
2020-02-25 03:41:09,925 - WARNING - fatih came in
2020-02-25 03:41:10,030 - WARNING - fatih came in
2020-02-25 03:41:10,133 - WARNING - fatih came in
2020-02-25 03:41:10,252 - WARNING - fatih came in
2020-02-25 03:41:10,361 - WARNING - fatih came in
2020-02-25 03:41:10,494 - WARNING - fatih came in
2020-02-25 03:41:10,614 - WARNING - Unknown entrance
2020-02-25 03:41:10,736 - WARNING - fatih came in
2020-02-25 03:41:10,858 - WARNING - fatih came in
2020-02-25 03:41:10,979 - WARNING - fatih came in
2020-02-25 03:41:11,111 - WARNING - fatih came in
2020-02-25 03:41:11,233 - WARNING - fatih came in
2020-02-25 03:41:11,361 - WARNING - fatih came in
2020-02-25 03:41:11,482 - WARNING - fatih came in
2020-02-25 03:41:11,603 - WARNING - fatih came in
2020-02-25 03:41:11,723 - WARNING - fatih came in
2020-02-25 03:41:11,846 - WARNING - fatih came in
2020-02-25 03:41:11,976 - WARNING - fatih came in
2020-02-25 03:41:12,110 - WARNING - fatih came in
2020-02-25 03:41:12,226 - WARNING - fatih came in
2020-02-25 03:41:12,337 - WARNING - fatih came in
2020-02-25 03:41:12,447 - WARNING - fatih came in
2020-02-25 03:41:12,562 - WARNING - fatih came in
2020-02-25 03:41:12,675 - WARNING - fatih came in
2020-02-25 03:41:12,788 - WARNING - fatih came in
2020-02-25 03:41:12,902 - WARNING - fatih came in
2020-02-25 03:41:13,025 - WARNING - fatih came in
2020-02-25 03:41:13,146 - WARNING - fatih came in
2020-02-25 03:41:13,265 - WARNING - fatih came in
2020-02-25 03:41:13,388 - WARNING - fatih came in
2020-02-25 03:41:13,507 - WARNING - fatih came in
2020-02-25 03:41:13,629 - WARNING - fatih came in
2020-02-25 03:41:13,756 - WARNING - fatih came in
2020-02-25 03:42:50,232 - WARNING - fatih came in
2020-02-25 03:43:19,205 - WARNING - fatih came in
2020-02-25 03:43:45,087 - WARNING - fatih came in
2020-02-25 03:47:27,013 - WARNING - fatih came in
2020-02-25 03:47:27,183 - WARNING - fatih came in
2020-02-25 03:47:27,307 - WARNING - fatih came in
2020-02-25 03:47:27,414 - WARNING - fatih came in
2020-02-25 03:47:27,525 - WARNING - fatih came in
2020-02-25 03:47:27,640 - WARNING - fatih came in
2020-02-25 03:47:27,752 - WARNING - fatih came in
2020-02-25 03:47:27,864 - WARNING - fatih came in
2020-02-25 03:47:27,976 - WARNING - fatih came in
2020-02-25 03:47:28,088 - WARNING - fatih came in
2020-02-25 03:47:28,203 - WARNING - fatih came in
2020-02-25 03:47:28,313 - WARNING - fatih came in
2020-02-25 03:47:28,426 - WARNING - fatih came in
2020-02-25 03:47:28,539 - WARNING - fatih came in
2020-02-25 03:47:28,740 - WARNING - fatih came in
2020-02-25 03:47:28,875 - WARNING - fatih came in
2020-02-25 03:47:28,987 - WARNING - fatih came in
2020-02-25 03:47:29,108 - WARNING - fatih came in
2020-02-25 03:47:29,227 - WARNING - Unknown entrance
2020-02-25 03:47:29,342 - WARNING - fatih came in
2020-02-25 03:47:29,457 - WARNING - fatih came in
2020-02-25 03:47:29,577 - WARNING - fatih came in
2020-02-25 03:47:29,687 - WARNING - Unknown entrance
2020-02-25 03:47:29,799 - WARNING - fatih came in
2020-02-25 03:47:29,916 - WARNING - fatih came in
2020-02-25 03:47:30,026 - WARNING - fatih came in
2020-02-25 03:47:30,137 - WARNING - fatih came in
2020-02-25 03:47:30,250 - WARNING - fatih came in
2020-02-25 03:47:30,365 - WARNING - fatih came in
2020-02-25 03:47:30,492 - WARNING - Unknown entrance
2020-02-25 03:47:30,611 - WARNING - fatih came in
2020-02-25 03:47:30,721 - WARNING - fatih came in
2020-02-25 03:47:30,836 - WARNING - fatih came in
2020-02-25 03:47:30,949 - WARNING - fatih came in
2020-02-25 03:47:31,069 - WARNING - fatih came in
2020-02-25 03:47:31,186 - WARNING - fatih came in
2020-02-25 03:47:31,304 - WARNING - fatih came in
2020-02-25 03:47:31,420 - WARNING - fatih came in
2020-02-25 03:47:31,535 - WARNING - fatih came in
2020-02-25 03:47:31,657 - WARNING - fatih came in
2020-02-25 03:47:31,770 - WARNING - fatih came in
2020-02-25 03:47:31,890 - WARNING - fatih came in
2020-02-25 03:47:32,005 - WARNING - fatih came in
2020-02-25 03:47:32,121 - WARNING - fatih came in
2020-02-25 03:47:32,243 - WARNING - fatih came in
2020-02-25 03:47:32,370 - WARNING - fatih came in
2020-02-25 03:47:32,501 - WARNING - fatih came in
2020-02-25 03:47:32,634 - WARNING - Unknown entrance
2020-02-25 03:47:32,749 - WARNING - fatih came in
2020-02-25 03:47:32,864 - WARNING - fatih came in
2020-02-25 03:47:32,982 - WARNING - Unknown entrance
2020-02-25 03:47:33,104 - WARNING - Unknown entrance
2020-02-25 03:47:33,238 - WARNING - fatih came in
2020-02-25 03:47:33,373 - WARNING - fatih came in
2020-02-25 03:47:33,497 - WARNING - fatih came in
2020-02-25 03:47:33,634 - WARNING - fatih came in
2020-02-25 03:47:33,762 - WARNING - fatih came in
2020-02-25 03:47:47,032 - WARNING - fatih came in
2020-02-25 03:47:47,231 - WARNING - fatih came in
2020-02-25 03:47:47,350 - WARNING - fatih came in
2020-02-25 03:47:47,457 - WARNING - fatih came in
2020-02-25 03:47:47,566 - WARNING - fatih came in
2020-02-25 03:47:47,676 - WARNING - fatih came in
2020-02-25 03:47:47,793 - WARNING - fatih came in
2020-02-25 03:47:47,911 - WARNING - fatih came in
2020-02-25 03:47:48,023 - WARNING - fatih came in
2020-02-25 03:47:48,125 - WARNING - fatih came in
2020-02-25 03:47:48,226 - WARNING - fatih came in
2020-02-25 03:47:48,332 - WARNING - fatih came in
2020-02-25 03:47:48,432 - WARNING - fatih came in
2020-02-25 03:47:48,535 - WARNING - fatih came in
2020-02-25 03:47:48,643 - WARNING - fatih came in
2020-02-25 03:47:48,747 - WARNING - fatih came in
2020-02-25 03:47:48,857 - WARNING - fatih came in
2020-02-25 03:47:48,963 - WARNING - fatih came in
2020-02-25 03:47:49,067 - WARNING - fatih came in
2020-02-25 03:47:49,185 - WARNING - fatih came in
2020-02-25 03:47:49,301 - WARNING - fatih came in
2020-02-25 03:47:49,416 - WARNING - fatih came in
2020-02-25 03:47:49,525 - WARNING - Unknown entrance
2020-02-25 03:47:49,638 - WARNING - Unknown entrance
2020-02-25 03:47:49,755 - WARNING - fatih came in
2020-02-25 03:47:49,871 - WARNING - fatih came in
2020-02-25 03:47:49,985 - WARNING - fatih came in
2020-02-25 03:47:50,101 - WARNING - fatih came in
2020-02-25 03:47:50,221 - WARNING - fatih came in
2020-02-25 03:47:50,340 - WARNING - fatih came in
2020-02-25 03:47:50,460 - WARNING - fatih came in
2020-02-25 03:47:50,586 - WARNING - fatih came in
2020-02-25 03:47:50,704 - WARNING - fatih came in
2020-02-25 03:47:50,821 - WARNING - fatih came in
2020-02-25 03:47:50,941 - WARNING - fatih came in
2020-02-25 03:47:51,059 - WARNING - fatih came in
2020-02-25 03:47:51,180 - WARNING - fatih came in
2020-02-25 03:47:51,300 - WARNING - fatih came in
2020-02-25 03:47:51,427 - WARNING - fatih came in
2020-02-25 03:47:51,552 - WARNING - fatih came in
2020-02-25 03:47:51,685 - WARNING - fatih came in
2020-02-25 03:47:51,815 - WARNING - fatih came in
2020-02-25 03:47:51,948 - WARNING - fatih came in
2020-02-25 03:47:52,083 - WARNING - Unknown entrance
2020-02-25 03:47:52,218 - WARNING - Unknown entrance
2020-02-25 03:47:52,354 - WARNING - Unknown entrance
2020-02-25 03:47:52,487 - WARNING - Unknown entrance
2020-02-25 03:47:52,628 - WARNING - Unknown entrance
2020-02-25 03:48:17,166 - WARNING - fatih came in
2020-02-25 03:48:43,508 - WARNING - fatih came in
2020-02-25 03:53:56,281 - WARNING - fatih came in
2020-02-25 03:53:56,447 - WARNING - fatih came in
2020-02-25 03:53:56,597 - WARNING - fatih came in
2020-02-25 03:53:56,728 - WARNING - fatih came in
2020-02-25 03:53:56,857 - WARNING - fatih came in
2020-02-25 03:53:56,990 - WARNING - fatih came in
2020-02-25 03:53:57,117 - WARNING - fatih came in
2020-02-25 03:53:57,223 - WARNING - fatih came in
2020-02-25 03:53:57,336 - WARNING - fatih came in
2020-02-25 03:53:57,471 - WARNING - fatih came in
2020-02-25 03:53:57,598 - WARNING - fatih came in
2020-02-25 03:53:57,729 - WARNING - fatih came in
2020-02-25 03:53:57,862 - WARNING - Unknown entrance
2020-02-25 03:53:58,005 - WARNING - fatih came in
2020-02-25 03:53:58,132 - WARNING - fatih came in
2020-02-25 03:53:58,242 - WARNING - fatih came in
2020-02-25 03:53:58,352 - WARNING - fatih came in
2020-02-25 03:53:58,462 - WARNING - fatih came in
2020-02-25 03:53:58,572 - WARNING - fatih came in
2020-02-25 03:53:58,684 - WARNING - fatih came in
2020-02-25 03:53:58,795 - WARNING - fatih came in
2020-02-25 03:53:58,913 - WARNING - fatih came in
2020-02-25 03:53:59,028 - WARNING - fatih came in
2020-02-25 03:53:59,144 - WARNING - fatih came in
2020-02-25 03:53:59,261 - WARNING - fatih came in
2020-02-25 03:53:59,375 - WARNING - fatih came in
2020-02-25 03:53:59,486 - WARNING - Unknown entrance
2020-02-25 03:53:59,597 - WARNING - fatih came in
2020-02-25 03:53:59,702 - WARNING - fatih came in
2020-02-25 03:53:59,795 - WARNING - fatih came in
2020-02-25 03:53:59,896 - WARNING - fatih came in
2020-02-25 03:54:00,013 - WARNING - fatih came in
2020-02-25 03:54:00,132 - WARNING - fatih came in
2020-02-25 03:54:00,244 - WARNING - fatih came in
2020-02-25 03:54:00,356 - WARNING - fatih came in
2020-02-25 03:54:00,475 - WARNING - fatih came in
2020-02-25 03:54:00,590 - WARNING - fatih came in
2020-02-25 03:54:00,706 - WARNING - fatih came in
2020-02-25 03:54:00,826 - WARNING - fatih came in
2020-02-25 03:54:00,944 - WARNING - fatih came in
2020-02-25 03:54:01,060 - WARNING - fatih came in
2020-02-25 03:54:01,178 - WARNING - fatih came in
2020-02-25 03:54:01,298 - WARNING - fatih came in
2020-02-25 03:54:01,418 - WARNING - fatih came in
2020-02-25 03:54:01,536 - WARNING - fatih came in
2020-02-25 03:54:01,659 - WARNING - fatih came in
2020-02-25 03:54:01,807 - WARNING - fatih came in
2020-02-25 03:54:01,917 - WARNING - fatih came in
2020-02-25 03:54:02,041 - WARNING - fatih came in
2020-02-25 03:54:02,160 - WARNING - fatih came in
2020-02-25 03:54:02,282 - WARNING - fatih came in
2020-02-25 03:54:02,423 - WARNING - fatih came in
2020-02-25 03:54:02,552 - WARNING - fatih came in
2020-02-25 03:54:02,672 - WARNING - fatih came in
2020-02-25 03:54:02,797 - WARNING - fatih came in
2020-02-25 03:54:02,912 - WARNING - fatih came in
2020-02-25 03:54:03,038 - WARNING - fatih came in
2020-02-25 03:54:03,171 - WARNING - fatih came in
2020-02-25 03:54:03,292 - WARNING - fatih came in
2020-02-25 03:54:03,417 - WARNING - fatih came in
2020-02-25 03:54:03,537 - WARNING - fatih came in
2020-02-25 03:54:03,660 - WARNING - fatih came in
2020-02-25 03:54:03,797 - WARNING - fatih came in
2020-02-25 03:54:03,908 - WARNING - fatih came in
2020-02-25 03:54:04,025 - WARNING - fatih came in
2020-02-25 03:54:04,137 - WARNING - fatih came in
2020-02-25 03:54:04,314 - WARNING - fatih came in
2020-02-25 03:54:04,428 - WARNING - fatih came in
2020-02-25 03:54:04,539 - WARNING - fatih came in
2020-02-25 03:54:04,653 - WARNING - fatih came in
2020-02-25 03:54:04,770 - WARNING - fatih came in
2020-02-25 03:54:04,882 - WARNING - fatih came in
2020-02-25 03:54:04,993 - WARNING - fatih came in
2020-02-25 03:54:05,107 - WARNING - fatih came in
2020-02-25 03:54:05,221 - WARNING - fatih came in
2020-02-25 03:54:05,336 - WARNING - fatih came in
2020-02-25 03:54:05,445 - WARNING - fatih came in
2020-02-25 03:54:05,559 - WARNING - fatih came in
2020-02-25 03:54:05,673 - WARNING - fatih came in
2020-02-25 03:54:05,788 - WARNING - fatih came in
2020-02-25 03:54:05,894 - WARNING - fatih came in
2020-02-25 03:54:06,018 - WARNING - fatih came in
2020-02-25 03:54:06,137 - WARNING - fatih came in
2020-02-25 03:54:06,328 - WARNING - fatih came in
2020-02-25 03:54:06,445 - WARNING - fatih came in
2020-02-25 03:54:06,568 - WARNING - fatih came in
2020-02-25 03:54:06,686 - WARNING - fatih came in
2020-02-25 03:54:06,812 - WARNING - fatih came in
2020-02-25 03:54:06,933 - WARNING - fatih came in
2020-02-25 03:54:07,054 - WARNING - fatih came in
2020-02-25 03:54:07,172 - WARNING - fatih came in
2020-02-25 03:54:07,293 - WARNING - fatih came in
2020-02-25 03:54:07,413 - WARNING - fatih came in
2020-02-25 03:54:07,539 - WARNING - Unknown entrance
2020-02-25 03:54:07,666 - WARNING - fatih came in
2020-02-25 03:54:07,792 - WARNING - fatih came in
2020-02-25 03:54:07,920 - WARNING - fatih came in
2020-02-25 03:54:08,046 - WARNING - fatih came in
2020-02-25 03:54:08,170 - WARNING - fatih came in
2020-02-25 03:54:08,296 - WARNING - fatih came in
2020-02-25 03:54:08,404 - WARNING - fatih came in
2020-02-25 03:54:08,512 - WARNING - fatih came in
2020-02-25 03:54:08,619 - WARNING - fatih came in
2020-02-25 03:54:08,735 - WARNING - fatih came in
2020-02-25 03:54:08,847 - WARNING - fatih came in
2020-02-25 03:54:08,961 - WARNING - fatih came in
2020-02-25 03:54:09,079 - WARNING - fatih came in
2020-02-25 03:54:09,194 - WARNING - fatih came in
2020-02-25 03:54:09,312 - WARNING - fatih came in
2020-02-25 03:54:09,425 - WARNING - fatih came in
2020-02-25 03:54:09,540 - WARNING - fatih came in
2020-02-25 03:54:09,659 - WARNING - fatih came in
2020-02-25 03:54:09,776 - WARNING - fatih came in
2020-02-25 03:54:09,892 - WARNING - fatih came in
2020-02-25 03:54:10,007 - WARNING - fatih came in
2020-02-25 03:54:10,119 - WARNING - fatih came in
2020-02-25 03:54:10,232 - WARNING - fatih came in
2020-02-25 03:54:10,345 - WARNING - fatih came in
2020-02-25 03:54:10,459 - WARNING - fatih came in
2020-02-25 03:54:10,578 - WARNING - fatih came in
2020-02-25 03:54:10,695 - WARNING - fatih came in
2020-02-25 03:54:10,814 - WARNING - fatih came in
2020-02-25 03:54:10,926 - WARNING - fatih came in
2020-02-25 03:54:11,046 - WARNING - fatih came in
2020-02-25 03:54:11,165 - WARNING - fatih came in
2020-02-25 03:54:11,292 - WARNING - fatih came in
2020-02-25 03:54:11,413 - WARNING - fatih came in
2020-02-25 03:54:11,541 - WARNING - fatih came in
2020-02-25 03:54:11,669 - WARNING - fatih came in
2020-02-25 03:54:11,796 - WARNING - fatih came in
2020-02-25 03:54:11,924 - WARNING - fatih came in
2020-02-25 03:54:12,055 - WARNING - fatih came in
2020-02-25 03:54:12,183 - WARNING - fatih came in
2020-02-25 03:54:12,307 - WARNING - fatih came in
2020-02-25 03:54:12,433 - WARNING - fatih came in
2020-02-25 03:54:12,556 - WARNING - fatih came in
2020-02-25 03:54:12,678 - WARNING - fatih came in
2020-02-25 03:54:12,800 - WARNING - fatih came in
2020-02-25 03:54:12,927 - WARNING - fatih came in
2020-02-25 03:54:13,054 - WARNING - fatih came in
2020-02-25 03:54:13,182 - WARNING - fatih came in
2020-02-25 03:54:13,306 - WARNING - fatih came in
2020-02-25 03:54:13,436 - WARNING - fatih came in
2020-02-25 03:54:13,565 - WARNING - fatih came in
2020-02-25 03:54:13,693 - WARNING - fatih came in
2020-02-25 03:54:13,825 - WARNING - fatih came in
2020-02-25 03:54:13,949 - WARNING - fatih came in
2020-02-25 03:55:07,992 - WARNING - fatih came in
2020-02-25 03:55:08,165 - WARNING - fatih came in
2020-02-25 03:55:08,267 - WARNING - fatih came in
2020-02-25 03:55:08,371 - WARNING - fatih came in
2020-02-25 03:55:08,480 - WARNING - fatih came in
2020-02-25 03:55:08,599 - WARNING - fatih came in
2020-02-25 03:55:08,711 - WARNING - fatih came in
2020-02-25 03:55:08,822 - WARNING - fatih came in
2020-02-25 03:55:08,935 - WARNING - fatih came in
2020-02-25 03:55:09,051 - WARNING - fatih came in
2020-02-25 03:55:09,168 - WARNING - fatih came in
2020-02-25 03:55:09,282 - WARNING - fatih came in
2020-02-25 03:55:09,397 - WARNING - fatih came in
2020-02-25 03:55:09,510 - WARNING - fatih came in
2020-02-25 03:55:09,630 - WARNING - fatih came in
2020-02-25 03:55:09,752 - WARNING - fatih came in
2020-02-25 03:55:09,869 - WARNING - fatih came in
2020-02-25 03:55:09,987 - WARNING - fatih came in
2020-02-25 03:55:10,107 - WARNING - fatih came in
2020-02-25 03:55:10,239 - WARNING - fatih came in
2020-02-25 03:55:10,367 - WARNING - fatih came in
2020-02-25 03:55:10,477 - WARNING - fatih came in
2020-02-25 03:55:10,582 - WARNING - fatih came in
2020-02-25 03:55:10,688 - WARNING - fatih came in
2020-02-25 03:55:10,796 - WARNING - fatih came in
2020-02-25 03:55:10,907 - WARNING - fatih came in
2020-02-25 03:55:10,998 - WARNING - fatih came in
2020-02-25 03:55:11,107 - WARNING - fatih came in
2020-02-25 03:55:11,204 - WARNING - fatih came in
2020-02-25 03:55:11,306 - WARNING - fatih came in
2020-02-25 03:55:11,446 - WARNING - fatih came in
2020-02-25 03:55:11,548 - WARNING - fatih came in
2020-02-25 03:55:11,653 - WARNING - fatih came in
2020-02-25 03:55:11,758 - WARNING - fatih came in
2020-02-25 03:55:11,872 - WARNING - fatih came in
2020-02-25 03:55:11,981 - WARNING - fatih came in
2020-02-25 03:55:12,089 - WARNING - fatih came in
2020-02-25 03:55:12,199 - WARNING - fatih came in
2020-02-25 03:55:12,307 - WARNING - fatih came in
2020-02-25 03:55:12,409 - WARNING - fatih came in
2020-02-25 03:55:12,509 - WARNING - fatih came in
2020-02-25 03:55:12,606 - WARNING - fatih came in
2020-02-25 03:55:12,713 - WARNING - fatih came in
2020-02-25 03:55:12,828 - WARNING - fatih came in
2020-02-25 03:55:12,946 - WARNING - fatih came in
2020-02-25 03:55:13,070 - WARNING - fatih came in
2020-02-25 03:55:13,191 - WARNING - fatih came in
2020-02-25 03:55:13,310 - WARNING - fatih came in
2020-02-25 03:55:13,432 - WARNING - fatih came in
2020-02-25 03:55:13,552 - WARNING - fatih came in
2020-02-25 03:55:13,670 - WARNING - fatih came in
2020-02-25 03:55:13,791 - WARNING - fatih came in
2020-02-25 03:55:13,909 - WARNING - fatih came in
2020-02-25 03:55:14,033 - WARNING - fatih came in
2020-02-25 03:55:14,155 - WARNING - fatih came in
2020-02-25 03:55:14,279 - WARNING - fatih came in
2020-02-25 03:55:14,400 - WARNING - fatih came in
2020-02-25 03:55:14,517 - WARNING - fatih came in
2020-02-25 03:55:14,638 - WARNING - fatih came in
2020-02-25 03:55:14,756 - WARNING - fatih came in
2020-02-25 03:55:14,880 - WARNING - fatih came in
2020-02-25 03:55:14,998 - WARNING - fatih came in
2020-02-25 03:55:15,100 - WARNING - fatih came in
2020-02-25 03:55:15,205 - WARNING - fatih came in
2020-02-25 03:55:15,310 - WARNING - fatih came in
2020-02-25 03:55:15,421 - WARNING - fatih came in
2020-02-25 03:55:15,532 - WARNING - fatih came in
2020-02-25 03:55:15,644 - WARNING - fatih came in
2020-02-25 03:55:15,760 - WARNING - fatih came in
2020-02-25 03:55:15,869 - WARNING - fatih came in
2020-02-25 03:55:15,982 - WARNING - fatih came in
2020-02-25 03:55:16,094 - WARNING - fatih came in
2020-02-25 03:55:16,205 - WARNING - fatih came in
2020-02-25 03:55:16,319 - WARNING - fatih came in
2020-02-25 03:55:16,431 - WARNING - fatih came in
2020-02-25 03:55:16,546 - WARNING - fatih came in
2020-02-25 03:55:16,663 - WARNING - fatih came in
2020-02-25 03:55:16,778 - WARNING - fatih came in
2020-02-25 03:55:16,900 - WARNING - fatih came in
2020-02-25 03:55:17,017 - WARNING - fatih came in
2020-02-25 03:55:17,134 - WARNING - fatih came in
2020-02-25 03:55:17,250 - WARNING - fatih came in
2020-02-25 03:55:17,366 - WARNING - fatih came in
2020-02-25 03:55:17,478 - WARNING - fatih came in
2020-02-25 03:55:17,600 - WARNING - fatih came in
2020-02-25 03:55:17,721 - WARNING - fatih came in
2020-02-25 03:55:17,834 - WARNING - fatih came in
2020-02-25 03:55:17,955 - WARNING - fatih came in
2020-02-25 03:55:18,073 - WARNING - fatih came in
2020-02-25 03:55:18,192 - WARNING - fatih came in
2020-02-25 03:55:18,312 - WARNING - fatih came in
2020-02-25 03:55:18,432 - WARNING - fatih came in
2020-02-25 03:55:18,552 - WARNING - fatih came in
2020-02-25 03:55:18,676 - WARNING - fatih came in
2020-02-25 03:55:18,799 - WARNING - fatih came in
2020-02-25 03:55:18,918 - WARNING - fatih came in
2020-02-25 03:55:19,035 - WARNING - fatih came in
2020-02-25 03:55:19,153 - WARNING - fatih came in
2020-02-25 03:55:19,267 - WARNING - fatih came in
2020-02-25 03:55:19,386 - WARNING - fatih came in
2020-02-25 03:55:19,503 - WARNING - fatih came in
2020-02-25 03:55:19,622 - WARNING - fatih came in
2020-02-25 03:55:19,751 - WARNING - fatih came in
2020-02-25 03:55:19,863 - WARNING - fatih came in
2020-02-25 03:55:19,978 - WARNING - fatih came in
2020-02-25 03:55:20,094 - WARNING - fatih came in
2020-02-25 03:55:20,208 - WARNING - fatih came in
2020-02-25 03:55:20,320 - WARNING - fatih came in
2020-02-25 03:55:20,427 - WARNING - fatih came in
2020-02-25 03:55:20,537 - WARNING - fatih came in
2020-02-25 03:55:20,647 - WARNING - fatih came in
2020-02-25 03:55:20,758 - WARNING - fatih came in
2020-02-25 03:55:20,868 - WARNING - fatih came in
2020-02-25 03:55:20,980 - WARNING - fatih came in
2020-02-25 03:55:21,094 - WARNING - fatih came in
2020-02-25 03:55:21,209 - WARNING - fatih came in
2020-02-25 03:55:21,324 - WARNING - fatih came in
2020-02-25 03:55:21,435 - WARNING - fatih came in
2020-02-25 03:55:21,547 - WARNING - fatih came in
2020-02-25 03:55:21,658 - WARNING - fatih came in
2020-02-25 03:55:21,771 - WARNING - fatih came in
2020-02-25 03:55:21,884 - WARNING - fatih came in
2020-02-25 03:55:21,996 - WARNING - fatih came in
2020-02-25 03:55:22,111 - WARNING - fatih came in
2020-02-25 03:55:22,208 - WARNING - fatih came in
2020-02-25 03:55:22,313 - WARNING - fatih came in
2020-02-25 03:55:22,428 - WARNING - fatih came in
2020-02-25 03:55:22,551 - WARNING - fatih came in
2020-02-25 03:55:22,668 - WARNING - fatih came in
2020-02-25 03:55:22,787 - WARNING - fatih came in
2020-02-25 03:55:22,913 - WARNING - fatih came in
2020-02-25 03:55:23,037 - WARNING - fatih came in
2020-02-25 03:55:23,160 - WARNING - fatih came in
2020-02-25 03:55:23,283 - WARNING - fatih came in
2020-02-25 03:55:23,423 - WARNING - fatih came in
2020-02-25 03:55:23,546 - WARNING - fatih came in
2020-02-25 03:55:23,666 - WARNING - fatih came in
2020-02-25 03:55:23,784 - WARNING - fatih came in
2020-02-25 03:55:23,913 - WARNING - fatih came in
2020-02-25 03:55:24,041 - WARNING - fatih came in
2020-02-25 03:55:24,167 - WARNING - fatih came in
2020-02-25 03:55:24,289 - WARNING - fatih came in
2020-02-25 03:55:24,411 - WARNING - fatih came in
2020-02-25 03:55:24,537 - WARNING - fatih came in
2020-02-25 03:55:24,655 - WARNING - fatih came in
2020-02-25 03:55:24,773 - WARNING - fatih came in
2020-02-25 03:55:24,892 - WARNING - fatih came in
2020-02-25 03:55:25,012 - WARNING - fatih came in
2020-02-25 03:55:25,132 - WARNING - fatih came in
2020-02-25 03:55:25,265 - WARNING - fatih came in
2020-02-25 03:55:25,393 - WARNING - fatih came in
2020-02-25 03:55:25,518 - WARNING - fatih came in
2020-02-25 03:55:25,644 - WARNING - fatih came in
2020-02-25 03:55:25,769 - WARNING - fatih came in
2020-02-25 03:55:25,893 - WARNING - fatih came in
2020-02-25 03:55:26,020 - WARNING - fatih came in
2020-02-25 03:55:26,133 - WARNING - fatih came in
2020-02-25 03:55:26,245 - WARNING - fatih came in
2020-02-25 03:55:26,364 - WARNING - fatih came in
2020-02-25 03:55:26,479 - WARNING - fatih came in
2020-02-25 03:55:26,602 - WARNING - fatih came in
2020-02-25 03:55:26,731 - WARNING - fatih came in
2020-02-25 03:55:26,850 - WARNING - fatih came in
2020-02-25 03:55:26,974 - WARNING - fatih came in
2020-02-25 03:55:27,102 - WARNING - fatih came in
2020-02-25 03:55:27,224 - WARNING - fatih came in
2020-02-25 03:55:27,347 - WARNING - fatih came in
2020-02-25 03:55:27,463 - WARNING - fatih came in
2020-02-25 03:55:27,588 - WARNING - fatih came in
2020-02-25 03:55:27,705 - WARNING - fatih came in
2020-02-25 03:55:27,822 - WARNING - fatih came in
2020-02-25 03:55:27,938 - WARNING - fatih came in
2020-02-25 03:55:28,057 - WARNING - fatih came in
2020-02-25 03:55:28,176 - WARNING - fatih came in
2020-02-25 03:55:28,299 - WARNING - fatih came in
2020-02-25 03:55:28,421 - WARNING - fatih came in
2020-02-25 03:55:28,544 - WARNING - fatih came in
2020-02-25 03:55:28,668 - WARNING - fatih came in
2020-02-25 03:55:28,788 - WARNING - fatih came in
2020-02-25 03:55:28,908 - WARNING - fatih came in
2020-02-25 03:55:29,024 - WARNING - fatih came in
2020-02-25 03:55:29,146 - WARNING - fatih came in
2020-02-25 03:55:29,261 - WARNING - fatih came in
2020-02-25 03:55:29,377 - WARNING - fatih came in
2020-02-25 03:55:29,500 - WARNING - fatih came in
2020-02-25 03:55:29,620 - WARNING - fatih came in
2020-02-25 03:55:29,743 - WARNING - fatih came in
2020-02-25 03:55:46,354 - WARNING - fatih came in
2020-02-25 03:55:46,527 - WARNING - fatih came in
2020-02-25 03:55:46,650 - WARNING - fatih came in
2020-02-25 03:55:46,763 - WARNING - fatih came in
2020-02-25 03:55:46,876 - WARNING - fatih came in
2020-02-25 03:55:46,987 - WARNING - fatih came in
2020-02-25 03:55:47,099 - WARNING - fatih came in
2020-02-25 03:55:47,213 - WARNING - fatih came in
2020-02-25 03:55:47,327 - WARNING - fatih came in
2020-02-25 03:55:47,440 - WARNING - fatih came in
2020-02-25 03:55:47,554 - WARNING - fatih came in
2020-02-25 03:55:47,677 - WARNING - fatih came in
2020-02-25 03:55:47,795 - WARNING - fatih came in
2020-02-25 03:55:47,916 - WARNING - fatih came in
2020-02-25 03:55:48,061 - WARNING - fatih came in
2020-02-25 03:55:48,189 - WARNING - fatih came in
2020-02-25 03:55:48,299 - WARNING - fatih came in
2020-02-25 03:55:48,419 - WARNING - fatih came in
2020-02-25 03:55:48,536 - WARNING - fatih came in
2020-02-25 03:55:48,656 - WARNING - fatih came in
2020-02-25 03:55:48,772 - WARNING - fatih came in
2020-02-25 03:55:48,889 - WARNING - fatih came in
2020-02-25 03:55:49,009 - WARNING - fatih came in
2020-02-25 03:55:49,123 - WARNING - fatih came in
2020-02-25 03:55:49,239 - WARNING - fatih came in
2020-02-25 03:58:56,573 - WARNING - fatih came in
2020-02-25 03:58:56,766 - WARNING - fatih came in
2020-02-25 03:58:56,901 - WARNING - fatih came in
2020-02-25 03:58:57,026 - WARNING - fatih came in
2020-02-25 03:58:57,148 - WARNING - fatih came in
2020-02-25 03:58:57,268 - WARNING - fatih came in
2020-02-25 03:58:57,390 - WARNING - fatih came in
2020-02-25 03:58:57,512 - WARNING - fatih came in
2020-02-25 03:58:57,635 - WARNING - fatih came in
2020-02-25 03:58:57,759 - WARNING - fatih came in
2020-02-25 03:58:57,882 - WARNING - fatih came in
2020-02-25 03:58:58,004 - WARNING - fatih came in
2020-02-25 03:58:58,130 - WARNING - fatih came in
2020-02-25 03:58:58,283 - WARNING - fatih came in
2020-02-25 03:58:58,420 - WARNING - fatih came in
2020-02-25 03:58:58,541 - WARNING - fatih came in
2020-02-25 03:58:58,662 - WARNING - fatih came in
2020-02-25 03:58:58,787 - WARNING - fatih came in
2020-02-25 03:58:58,916 - WARNING - fatih came in
2020-02-25 03:58:59,039 - WARNING - fatih came in
2020-02-25 03:58:59,156 - WARNING - fatih came in
2020-02-25 03:58:59,284 - WARNING - fatih came in
2020-02-25 03:58:59,410 - WARNING - fatih came in
2020-02-25 03:58:59,532 - WARNING - fatih came in
2020-02-25 03:58:59,660 - WARNING - fatih came in
2020-02-25 03:58:59,796 - WARNING - fatih came in
2020-02-25 03:58:59,928 - WARNING - fatih came in
2020-02-25 03:59:00,058 - WARNING - fatih came in
2020-02-25 03:59:00,188 - WARNING - fatih came in
2020-02-25 03:59:00,299 - WARNING - fatih came in
2020-02-25 03:59:00,404 - WARNING - fatih came in
2020-02-25 03:59:00,518 - WARNING - fatih came in
2020-02-25 03:59:00,628 - WARNING - fatih came in
2020-02-25 03:59:00,739 - WARNING - fatih came in
2020-02-25 03:59:00,855 - WARNING - fatih came in
2020-02-25 03:59:00,974 - WARNING - fatih came in
2020-02-25 03:59:01,087 - WARNING - fatih came in
2020-02-25 03:59:01,207 - WARNING - fatih came in
2020-02-25 03:59:01,320 - WARNING - fatih came in
2020-02-25 03:59:01,438 - WARNING - fatih came in
2020-02-25 03:59:01,552 - WARNING - fatih came in
2020-02-25 03:59:01,667 - WARNING - fatih came in
2020-02-25 03:59:01,783 - WARNING - fatih came in
2020-02-25 03:59:01,895 - WARNING - fatih came in
2020-02-25 03:59:02,009 - WARNING - fatih came in
2020-02-25 03:59:02,124 - WARNING - fatih came in
2020-02-25 03:59:02,240 - WARNING - fatih came in
2020-02-25 03:59:02,356 - WARNING - fatih came in
2020-02-25 03:59:02,473 - WARNING - fatih came in
2020-02-25 03:59:02,607 - WARNING - fatih came in
2020-02-25 03:59:02,744 - WARNING - fatih came in
2020-02-25 03:59:02,867 - WARNING - fatih came in
2020-02-25 03:59:02,988 - WARNING - fatih came in
2020-02-25 03:59:03,109 - WARNING - fatih came in
2020-02-25 03:59:03,228 - WARNING - fatih came in
2020-02-25 03:59:03,346 - WARNING - fatih came in
2020-02-25 03:59:03,476 - WARNING - fatih came in
2020-02-25 03:59:03,588 - WARNING - fatih came in
2020-02-25 03:59:03,689 - WARNING - fatih came in
2020-02-25 03:59:03,787 - WARNING - fatih came in
2020-02-25 03:59:03,883 - WARNING - fatih came in
2020-02-25 03:59:03,993 - WARNING - fatih came in
2020-02-25 03:59:04,106 - WARNING - fatih came in
2020-02-25 03:59:04,208 - WARNING - fatih came in
2020-02-25 03:59:04,317 - WARNING - fatih came in
2020-02-25 03:59:04,428 - WARNING - fatih came in
2020-02-25 03:59:04,542 - WARNING - fatih came in
2020-02-25 03:59:04,662 - WARNING - fatih came in
2020-02-25 03:59:04,789 - WARNING - fatih came in
2020-02-25 03:59:04,915 - WARNING - fatih came in
2020-02-25 03:59:05,033 - WARNING - fatih came in
2020-02-25 03:59:05,150 - WARNING - fatih came in
2020-02-25 03:59:05,265 - WARNING - fatih came in
2020-02-25 03:59:05,379 - WARNING - fatih came in
2020-02-25 03:59:05,491 - WARNING - fatih came in
2020-02-25 03:59:05,604 - WARNING - fatih came in
2020-02-25 03:59:23,101 - WARNING - fatih came in
2020-02-25 03:59:23,283 - WARNING - fatih came in
2020-02-25 03:59:23,407 - WARNING - fatih came in
2020-02-25 03:59:23,529 - WARNING - fatih came in
2020-02-25 03:59:23,648 - WARNING - fatih came in
2020-02-25 03:59:23,770 - WARNING - fatih came in
2020-02-25 03:59:23,897 - WARNING - fatih came in
2020-02-25 03:59:24,022 - WARNING - fatih came in
2020-02-25 03:59:24,147 - WARNING - fatih came in
2020-02-25 03:59:24,270 - WARNING - fatih came in
2020-02-25 03:59:24,396 - WARNING - fatih came in
2020-02-25 03:59:24,524 - WARNING - fatih came in
2020-02-25 03:59:24,653 - WARNING - fatih came in
2020-02-25 03:59:24,809 - WARNING - fatih came in
2020-02-25 03:59:24,946 - WARNING - fatih came in
2020-02-25 03:59:25,067 - WARNING - fatih came in
2020-02-25 03:59:25,189 - WARNING - fatih came in
2020-02-25 03:59:25,311 - WARNING - fatih came in
2020-02-25 03:59:25,438 - WARNING - fatih came in
2020-02-25 03:59:25,568 - WARNING - fatih came in
2020-02-25 03:59:25,695 - WARNING - fatih came in
2020-02-25 03:59:26,196 - WARNING - fatih came in
2020-02-25 03:59:26,300 - WARNING - fatih came in
2020-02-25 03:59:26,404 - WARNING - fatih came in
2020-02-25 03:59:26,503 - WARNING - fatih came in
2020-02-25 03:59:26,603 - WARNING - fatih came in
2020-02-25 03:59:26,706 - WARNING - fatih came in
2020-02-25 03:59:26,805 - WARNING - fatih came in
2020-02-25 03:59:26,904 - WARNING - fatih came in
2020-02-25 03:59:27,005 - WARNING - fatih came in
2020-02-25 03:59:27,106 - WARNING - fatih came in
2020-02-25 03:59:27,207 - WARNING - fatih came in
2020-02-25 03:59:27,309 - WARNING - fatih came in
2020-02-25 03:59:27,409 - WARNING - fatih came in
2020-02-25 03:59:27,530 - WARNING - Unknown entrance
2020-02-25 03:59:27,646 - WARNING - Unknown entrance
2020-02-25 03:59:27,748 - WARNING - fatih came in
2020-02-25 03:59:27,851 - WARNING - fatih came in
2020-02-25 03:59:27,950 - WARNING - fatih came in
2020-02-25 03:59:28,056 - WARNING - fatih came in
2020-02-25 03:59:28,187 - WARNING - Unknown entrance
2020-02-25 03:59:28,300 - WARNING - fatih came in
2020-02-25 03:59:28,431 - WARNING - Unknown entrance
2020-02-25 03:59:28,547 - WARNING - fatih came in
2020-02-25 03:59:28,660 - WARNING - fatih came in
2020-02-25 03:59:28,772 - WARNING - fatih came in
2020-02-25 03:59:28,902 - WARNING - Unknown entrance
2020-02-25 03:59:29,030 - WARNING - Unknown entrance
2020-02-25 03:59:29,149 - WARNING - Unknown entrance
2020-02-25 03:59:29,283 - WARNING - Unknown entrance
2020-02-25 03:59:29,418 - WARNING - Unknown entrance
2020-02-25 03:59:29,537 - WARNING - Unknown entrance
2020-02-25 03:59:29,654 - WARNING - fatih came in
2020-02-25 03:59:29,772 - WARNING - fatih came in
2020-02-25 03:59:29,893 - WARNING - fatih came in
2020-02-25 03:59:30,013 - WARNING - Unknown entrance
2020-02-25 03:59:30,140 - WARNING - Unknown entrance
2020-02-25 03:59:30,253 - WARNING - fatih came in
2020-02-25 03:59:30,384 - WARNING - Unknown entrance
2020-02-25 03:59:30,522 - WARNING - Unknown entrance
2020-02-25 03:59:30,651 - WARNING - Unknown entrance
2020-02-25 03:59:30,778 - WARNING - Unknown entrance
2020-02-25 03:59:30,906 - WARNING - Unknown entrance
2020-02-25 03:59:31,013 - WARNING - fatih came in
2020-02-25 03:59:31,142 - WARNING - Unknown entrance
2020-02-25 03:59:31,263 - WARNING - Unknown entrance
2020-02-25 03:59:31,385 - WARNING - Unknown entrance
2020-02-25 03:59:31,508 - WARNING - Unknown entrance
2020-02-25 03:59:31,614 - WARNING - fatih came in
2020-02-25 03:59:31,720 - WARNING - fatih came in
2020-02-25 03:59:31,841 - WARNING - Unknown entrance
2020-02-25 03:59:31,967 - WARNING - Unknown entrance
2020-02-25 03:59:32,107 - WARNING - Unknown entrance
2020-02-25 03:59:32,242 - WARNING - Unknown entrance
2020-02-25 03:59:32,380 - WARNING - Unknown entrance
2020-02-25 03:59:32,516 - WARNING - Unknown entrance
2020-02-25 03:59:32,651 - WARNING - Unknown entrance
2020-02-25 03:59:32,769 - WARNING - fatih came in
2020-02-25 03:59:32,890 - WARNING - fatih came in
2020-02-25 03:59:33,009 - WARNING - fatih came in
2020-02-25 03:59:33,156 - WARNING - fatih came in
2020-02-25 03:59:33,282 - WARNING - fatih came in
2020-02-25 03:59:33,405 - WARNING - fatih came in
2020-02-25 03:59:33,521 - WARNING - fatih came in
2020-02-25 03:59:33,638 - WARNING - fatih came in
2020-02-25 03:59:33,757 - WARNING - fatih came in
2020-02-25 03:59:33,874 - WARNING - fatih came in
2020-02-25 03:59:33,989 - WARNING - fatih came in
2020-02-25 03:59:34,106 - WARNING - fatih came in
2020-02-25 03:59:34,225 - WARNING - fatih came in
2020-02-25 04:14:29,583 - WARNING - fatih came in
2020-02-25 04:14:57,606 - WARNING - fatih came in
2020-02-25 04:15:26,327 - WARNING - fatih came in
2020-02-25 04:16:39,159 - WARNING - fatih came in
2020-02-25 04:17:42,056 - WARNING - fatih came in
2020-02-25 04:17:42,239 - WARNING - fatih came in
2020-02-25 04:17:42,364 - WARNING - fatih came in
2020-02-25 04:17:42,472 - WARNING - fatih came in
2020-02-25 04:17:42,575 - WARNING - fatih came in
2020-02-25 04:17:42,684 - WARNING - fatih came in
2020-02-25 04:17:42,799 - WARNING - fatih came in
2020-02-25 04:17:42,907 - WARNING - fatih came in
2020-02-25 04:17:43,003 - WARNING - fatih came in
2020-02-25 04:17:43,096 - WARNING - fatih came in
2020-02-25 04:17:43,190 - WARNING - fatih came in
2020-02-25 04:17:43,287 - WARNING - fatih came in
2020-02-25 04:17:43,386 - WARNING - fatih came in
2020-02-25 04:17:43,494 - WARNING - fatih came in
2020-02-25 04:17:43,600 - WARNING - fatih came in
2020-02-25 04:17:43,765 - WARNING - fatih came in
2020-02-25 04:17:43,891 - WARNING - fatih came in
2020-02-25 04:17:43,997 - WARNING - fatih came in
2020-02-25 04:17:44,104 - WARNING - fatih came in
2020-02-25 04:17:44,217 - WARNING - fatih came in
2020-02-25 04:17:44,328 - WARNING - fatih came in
2020-02-25 04:17:44,441 - WARNING - fatih came in
2020-02-25 04:17:44,563 - WARNING - fatih came in
2020-02-25 04:18:30,890 - WARNING - fatih came in
2020-02-25 04:18:31,070 - WARNING - fatih came in
2020-02-25 04:18:31,205 - WARNING - fatih came in
2020-02-25 04:18:31,342 - WARNING - fatih came in
2020-02-25 04:18:31,478 - WARNING - fatih came in
2020-02-25 04:18:31,611 - WARNING - fatih came in
2020-02-25 04:18:31,739 - WARNING - fatih came in
2020-02-25 04:18:31,869 - WARNING - fatih came in
2020-02-25 04:19:55,088 - WARNING - fatih came in
2020-02-25 04:19:55,278 - WARNING - fatih came in
2020-02-25 04:19:55,392 - WARNING - fatih came in
2020-02-25 04:19:55,512 - WARNING - fatih came in
2020-02-25 04:19:55,629 - WARNING - fatih came in
2020-02-25 04:19:55,760 - WARNING - fatih came in
2020-02-25 04:19:55,888 - WARNING - fatih came in
2020-02-25 04:19:56,011 - WARNING - fatih came in
2020-02-25 04:19:56,148 - WARNING - fatih came in
2020-02-25 04:19:56,261 - WARNING - fatih came in
2020-02-25 04:19:56,384 - WARNING - fatih came in
2020-02-25 04:19:56,507 - WARNING - fatih came in
2020-02-25 04:19:56,639 - WARNING - fatih came in
2020-02-25 04:21:07,116 - WARNING - fatih came in
2020-02-25 04:21:07,295 - WARNING - fatih came in
2020-02-25 04:21:07,438 - WARNING - fatih came in
2020-02-25 04:21:07,568 - WARNING - fatih came in
2020-02-25 04:21:07,700 - WARNING - fatih came in
2020-02-25 04:21:07,829 - WARNING - fatih came in
2020-02-25 04:21:07,971 - WARNING - fatih came in
2020-02-25 04:21:08,106 - WARNING - fatih came in
2020-02-25 04:21:08,254 - WARNING - fatih came in
2020-02-25 04:21:08,403 - WARNING - fatih came in
2020-02-25 04:21:08,548 - WARNING - fatih came in
2020-02-25 04:21:08,693 - WARNING - fatih came in
2020-02-25 04:21:08,851 - WARNING - fatih came in
2020-02-25 04:21:08,966 - WARNING - fatih came in
2020-02-25 04:21:09,099 - WARNING - fatih came in
2020-02-25 04:21:09,240 - WARNING - fatih came in
2020-02-25 04:21:09,369 - WARNING - fatih came in
2020-02-25 04:21:27,271 - WARNING - fatih came in
2020-02-25 04:21:27,456 - WARNING - fatih came in
2020-02-25 04:21:27,594 - WARNING - fatih came in
2020-02-25 04:21:27,711 - WARNING - fatih came in
2020-02-25 04:21:27,827 - WARNING - fatih came in
2020-02-25 04:21:27,943 - WARNING - fatih came in
2020-02-25 04:21:28,064 - WARNING - fatih came in
2020-02-25 04:21:28,186 - WARNING - fatih came in
2020-02-25 04:21:28,304 - WARNING - fatih came in
2020-02-25 04:21:28,425 - WARNING - fatih came in
2020-02-25 04:21:28,541 - WARNING - fatih came in
2020-02-25 04:21:28,660 - WARNING - fatih came in
2020-02-25 04:21:28,797 - WARNING - fatih came in
2020-02-25 04:21:28,942 - WARNING - fatih came in
2020-02-25 04:21:29,095 - WARNING - fatih came in
2020-02-25 04:21:29,236 - WARNING - fatih came in
2020-02-25 04:21:29,373 - WARNING - fatih came in
2020-02-25 04:21:29,611 - WARNING - fatih came in
2020-02-25 04:21:29,707 - WARNING - fatih came in
2020-02-25 04:21:29,817 - WARNING - fatih came in
2020-02-25 04:21:29,971 - WARNING - fatih came in
2020-02-25 04:21:30,127 - WARNING - fatih came in
2020-02-25 04:21:30,252 - WARNING - fatih came in
2020-02-25 04:21:30,367 - WARNING - fatih came in
2020-02-25 04:21:30,573 - WARNING - fatih came in
2020-02-25 04:21:30,709 - WARNING - fatih came in
2020-02-25 04:21:30,861 - WARNING - fatih came in
2020-02-25 04:21:31,006 - WARNING - fatih came in
2020-02-25 04:21:31,143 - WARNING - fatih came in
2020-02-25 04:21:31,282 - WARNING - fatih came in
2020-02-25 04:21:31,438 - WARNING - fatih came in
2020-02-25 04:21:31,566 - WARNING - fatih came in
2020-02-25 04:21:31,714 - WARNING - fatih came in
2020-02-25 04:21:31,842 - WARNING - fatih came in
2020-02-25 04:21:31,992 - WARNING - fatih came in
2020-02-25 04:21:32,146 - WARNING - fatih came in
2020-02-25 04:21:32,273 - WARNING - fatih came in
2020-02-25 04:21:32,428 - WARNING - fatih came in
2020-02-25 04:21:32,558 - WARNING - fatih came in
2020-02-25 04:21:32,712 - WARNING - fatih came in
2020-02-25 04:21:32,864 - WARNING - fatih came in
2020-02-25 04:21:33,009 - WARNING - fatih came in
2020-02-25 04:21:33,149 - WARNING - fatih came in
2020-02-25 04:21:33,309 - WARNING - fatih came in
2020-02-25 04:21:33,465 - WARNING - fatih came in
2020-02-25 04:21:33,616 - WARNING - fatih came in
2020-02-25 04:21:33,765 - WARNING - fatih came in
2020-02-25 04:21:33,918 - WARNING - fatih came in
2020-02-25 04:21:34,056 - WARNING - fatih came in
2020-02-25 04:21:34,202 - WARNING - fatih came in
2020-02-25 04:21:34,330 - WARNING - fatih came in
2020-02-25 04:21:34,461 - WARNING - fatih came in
2020-02-25 04:21:34,589 - WARNING - fatih came in
2020-02-25 04:21:34,724 - WARNING - fatih came in
2020-02-25 04:21:55,688 - WARNING - fatih came in
2020-02-25 04:21:55,872 - WARNING - fatih came in
2020-02-25 04:21:56,011 - WARNING - fatih came in
2020-02-25 04:21:56,151 - WARNING - fatih came in
2020-02-25 04:21:56,274 - WARNING - fatih came in
2020-02-25 04:21:56,410 - WARNING - fatih came in
2020-02-25 04:21:56,535 - WARNING - fatih came in
2020-02-25 04:21:56,675 - WARNING - fatih came in
2020-02-25 04:21:56,814 - WARNING - fatih came in
2020-02-25 04:21:56,945 - WARNING - fatih came in
2020-02-25 04:21:57,075 - WARNING - fatih came in
2020-02-25 04:21:57,215 - WARNING - fatih came in
2020-02-25 04:21:57,363 - WARNING - fatih came in
2020-02-25 04:21:57,511 - WARNING - fatih came in
2020-02-25 04:21:57,618 - WARNING - fatih came in
2020-02-25 04:21:57,743 - WARNING - fatih came in
2020-02-25 04:21:57,864 - WARNING - fatih came in
2020-02-25 04:21:57,986 - WARNING - fatih came in
2020-02-25 04:21:58,118 - WARNING - fatih came in
2020-02-25 04:21:58,248 - WARNING - fatih came in
2020-02-25 04:21:58,362 - WARNING - fatih came in
2020-02-25 04:21:58,484 - WARNING - fatih came in
2020-02-25 04:21:58,606 - WARNING - fatih came in
2020-02-25 04:21:58,726 - WARNING - fatih came in
2020-02-25 04:21:58,847 - WARNING - fatih came in
2020-02-25 04:21:58,971 - WARNING - fatih came in
2020-02-25 04:21:59,093 - WARNING - fatih came in
2020-02-25 04:21:59,210 - WARNING - fatih came in
2020-02-25 04:21:59,345 - WARNING - fatih came in
2020-02-25 04:21:59,482 - WARNING - fatih came in
2020-02-25 04:22:24,059 - WARNING - fatih came in
2020-02-25 04:22:24,294 - WARNING - fatih came in
2020-02-25 04:22:24,421 - WARNING - fatih came in
2020-02-25 04:22:24,563 - WARNING - fatih came in
2020-02-25 04:22:24,689 - WARNING - fatih came in
2020-02-25 04:22:24,809 - WARNING - fatih came in
2020-02-25 04:22:24,943 - WARNING - fatih came in
2020-02-25 04:22:25,065 - WARNING - fatih came in
2020-02-25 04:22:25,195 - WARNING - fatih came in
2020-02-25 04:22:25,342 - WARNING - Unknown entrance
2020-02-25 04:22:25,472 - WARNING - Unknown entrance
2020-02-25 04:22:25,587 - WARNING - fatih came in
2020-02-25 04:22:25,714 - WARNING - fatih came in
2020-02-25 04:22:25,882 - WARNING - Unknown entrance
2020-02-25 04:22:26,014 - WARNING - Unknown entrance
2020-02-25 04:22:26,135 - WARNING - Unknown entrance
2020-02-25 04:22:26,264 - WARNING - Unknown entrance
2020-02-25 04:22:26,397 - WARNING - Unknown entrance
2020-02-25 04:22:26,505 - WARNING - fatih came in
2020-02-25 04:22:26,637 - WARNING - fatih came in
2020-02-25 04:22:26,768 - WARNING - fatih came in
2020-02-25 04:22:26,925 - WARNING - Unknown entrance
2020-02-25 04:22:27,044 - WARNING - fatih came in
2020-02-25 04:22:27,164 - WARNING - fatih came in
2020-02-25 04:22:27,303 - WARNING - fatih came in
2020-02-25 04:22:27,424 - WARNING - fatih came in
2020-02-25 04:22:27,550 - WARNING - fatih came in
2020-02-25 04:22:27,674 - WARNING - fatih came in
2020-02-25 04:22:27,792 - WARNING - fatih came in
2020-02-25 04:22:27,909 - WARNING - fatih came in
2020-02-25 04:22:28,027 - WARNING - fatih came in
2020-02-25 04:22:28,159 - WARNING - fatih came in
2020-02-25 04:22:28,344 - WARNING - fatih came in
2020-02-25 04:22:28,470 - WARNING - fatih came in
2020-02-25 04:22:28,619 - WARNING - fatih came in
2020-02-25 04:22:28,762 - WARNING - fatih came in
2020-02-25 04:22:28,889 - WARNING - fatih came in
2020-02-25 04:22:29,019 - WARNING - fatih came in
2020-02-25 04:22:29,159 - WARNING - fatih came in
2020-02-25 04:29:12,877 - WARNING - fatih came in
2020-02-25 04:29:13,077 - WARNING - fatih came in
2020-02-25 04:29:13,218 - WARNING - fatih came in
2020-02-25 04:29:13,343 - WARNING - fatih came in
2020-02-25 04:29:13,479 - WARNING - fatih came in
2020-02-25 04:29:13,608 - WARNING - fatih came in
2020-02-25 04:29:13,738 - WARNING - fatih came in
2020-02-25 04:29:13,890 - WARNING - fatih came in
2020-02-25 04:29:14,013 - WARNING - fatih came in
2020-02-25 04:29:14,149 - WARNING - fatih came in
2020-02-25 04:29:14,275 - WARNING - fatih came in
2020-02-25 04:29:14,399 - WARNING - fatih came in
2020-02-25 04:29:14,533 - WARNING - fatih came in
2020-02-25 04:29:14,672 - WARNING - fatih came in
2020-02-25 04:29:14,797 - WARNING - fatih came in
2020-02-25 04:29:14,951 - WARNING - fatih came in
2020-02-25 04:29:15,093 - WARNING - fatih came in
2020-02-25 04:29:15,246 - WARNING - fatih came in
2020-02-25 04:29:15,403 - WARNING - fatih came in
2020-02-25 04:29:15,559 - WARNING - fatih came in
2020-02-25 04:31:50,886 - WARNING - fatih came in
2020-02-25 04:31:51,084 - WARNING - fatih came in
2020-02-25 04:31:51,252 - WARNING - fatih came in
2020-02-25 04:31:51,372 - WARNING - fatih came in
2020-02-25 04:31:51,498 - WARNING - fatih came in
2020-02-25 04:31:51,623 - WARNING - fatih came in
2020-02-25 04:31:51,766 - WARNING - fatih came in
2020-02-25 04:31:51,941 - WARNING - fatih came in
2020-02-25 04:31:52,079 - WARNING - fatih came in
2020-02-25 04:31:52,214 - WARNING - fatih came in
2020-02-25 04:31:52,346 - WARNING - fatih came in
2020-02-25 04:31:52,508 - WARNING - fatih came in
2020-02-25 04:31:52,655 - WARNING - fatih came in
2020-02-25 04:31:52,777 - WARNING - fatih came in
2020-02-25 04:31:52,914 - WARNING - fatih came in
2020-02-25 04:31:53,071 - WARNING - fatih came in
2020-02-25 04:31:53,243 - WARNING - fatih came in
2020-02-25 04:31:53,383 - WARNING - fatih came in
2020-02-25 04:31:53,516 - WARNING - fatih came in
2020-02-25 04:31:53,658 - WARNING - fatih came in
2020-02-25 04:31:53,834 - WARNING - Unknown entrance
2020-02-25 04:31:54,561 - WARNING - Unknown entrance
2020-02-25 04:31:54,720 - WARNING - Unknown entrance
2020-02-25 04:31:54,840 - WARNING - Unknown entrance
2020-02-25 04:31:55,027 - WARNING - Unknown entrance
2020-02-25 04:31:55,493 - WARNING - Unknown entrance
2020-02-25 04:31:55,656 - WARNING - Unknown entrance
2020-02-25 04:31:55,970 - WARNING - Unknown entrance
2020-02-25 04:31:56,090 - WARNING - Unknown entrance
2020-02-25 04:31:56,197 - WARNING - fatih came in
2020-02-25 04:31:56,377 - WARNING - fatih came in
2020-02-25 04:31:56,555 - WARNING - fatih came in
2020-02-25 04:31:56,705 - WARNING - fatih came in
2020-02-25 04:31:56,858 - WARNING - Unknown entrance
2020-02-25 04:31:56,990 - WARNING - Unknown entrance
2020-02-25 04:31:57,111 - WARNING - Unknown entrance
2020-02-25 04:31:57,233 - WARNING - Unknown entrance
2020-02-25 04:31:57,355 - WARNING - Unknown entrance
2020-02-25 04:31:57,459 - WARNING - fatih came in
2020-02-25 04:31:57,608 - WARNING - fatih came in
2020-02-25 04:31:57,737 - WARNING - fatih came in
2020-02-25 04:31:57,877 - WARNING - Unknown entrance
2020-02-25 04:31:57,992 - WARNING - fatih came in
2020-02-25 04:31:58,124 - WARNING - fatih came in
2020-02-25 04:31:58,257 - WARNING - fatih came in
2020-02-25 04:31:58,391 - WARNING - fatih came in
2020-02-25 04:31:58,578 - WARNING - Unknown entrance
2020-02-25 04:31:58,672 - WARNING - fatih came in
2020-02-25 04:31:58,830 - WARNING - Unknown entrance
2020-02-25 04:31:58,947 - WARNING - Unknown entrance
2020-02-25 04:31:59,045 - WARNING - fatih came in
2020-02-25 04:31:59,198 - WARNING - fatih came in
2020-02-25 04:31:59,335 - WARNING - fatih came in
2020-02-25 04:31:59,487 - WARNING - fatih came in
2020-02-25 04:31:59,632 - WARNING - fatih came in
2020-02-25 04:31:59,756 - WARNING - fatih came in
2020-02-25 04:31:59,885 - WARNING - fatih came in
2020-02-25 04:32:00,029 - WARNING - Unknown entrance
2020-02-25 04:32:00,161 - WARNING - Unknown entrance
2020-02-25 04:32:00,293 - WARNING - Unknown entrance
2020-02-25 04:32:00,424 - WARNING - Unknown entrance
2020-02-25 04:32:00,548 - WARNING - Unknown entrance
2020-02-25 04:32:00,673 - WARNING - Unknown entrance
2020-02-25 04:32:00,796 - WARNING - Unknown entrance
2020-02-25 04:32:00,930 - WARNING - Unknown entrance
2020-02-25 04:32:01,059 - WARNING - Unknown entrance
2020-02-25 04:32:01,179 - WARNING - fatih came in
2020-02-25 04:32:01,342 - WARNING - fatih came in
2020-02-25 04:32:01,500 - WARNING - Unknown entrance
2020-02-25 04:32:01,641 - WARNING - Unknown entrance
2020-02-26 20:51:37,029 - WARNING - fatih came in
2020-02-26 20:51:37,215 - WARNING - fatih came in
2020-02-26 20:51:37,339 - WARNING - fatih came in
2020-02-26 20:51:37,443 - WARNING - fatih came in
2020-02-26 20:51:37,545 - WARNING - fatih came in
2020-02-26 20:51:37,649 - WARNING - fatih came in
2020-02-26 20:51:37,754 - WARNING - fatih came in
2020-02-26 20:51:37,864 - WARNING - fatih came in
2020-02-26 20:51:37,995 - WARNING - fatih came in
2020-02-26 20:51:38,127 - WARNING - fatih came in
2020-02-26 20:51:38,263 - WARNING - fatih came in
2020-02-26 20:51:38,393 - WARNING - fatih came in
2020-02-26 20:51:38,528 - WARNING - fatih came in
2020-02-26 20:51:38,668 - WARNING - fatih came in
2020-02-26 20:51:38,810 - WARNING - fatih came in
2020-02-26 20:51:38,928 - WARNING - fatih came in
2020-02-26 20:51:39,059 - WARNING - fatih came in
2020-02-26 20:51:39,191 - WARNING - fatih came in
2020-02-26 20:51:39,324 - WARNING - fatih came in
2020-02-26 20:51:39,459 - WARNING - fatih came in
2020-02-26 20:51:39,592 - WARNING - fatih came in
2020-02-26 20:51:39,723 - WARNING - fatih came in
2020-02-26 20:51:39,856 - WARNING - fatih came in
2020-02-26 20:51:39,991 - WARNING - fatih came in
2020-02-26 20:51:40,127 - WARNING - fatih came in
2020-02-26 20:51:40,256 - WARNING - fatih came in
2020-02-26 20:51:40,387 - WARNING - fatih came in
2020-02-26 20:51:40,539 - WARNING - Unknown entrance
2020-02-26 20:51:40,671 - WARNING - Unknown entrance
2020-02-26 20:51:40,788 - WARNING - fatih came in
2020-02-26 20:51:40,919 - WARNING - fatih came in
2020-02-26 20:51:41,068 - WARNING - Unknown entrance
2020-02-26 20:51:41,187 - WARNING - fatih came in
2020-02-26 20:51:41,319 - WARNING - fatih came in
2020-02-26 20:51:41,451 - WARNING - fatih came in
2020-02-26 20:51:41,583 - WARNING - fatih came in
2020-02-26 20:51:41,713 - WARNING - fatih came in
2020-02-26 20:51:41,852 - WARNING - fatih came in
2020-02-26 20:51:41,984 - WARNING - fatih came in
2020-02-26 20:51:42,115 - WARNING - fatih came in
2020-02-26 20:51:42,249 - WARNING - fatih came in
2020-02-26 20:51:42,384 - WARNING - fatih came in
2020-02-26 20:51:42,516 - WARNING - fatih came in
2020-02-26 20:51:42,648 - WARNING - fatih came in
2020-02-26 20:51:42,779 - WARNING - fatih came in
2020-02-26 20:51:42,912 - WARNING - fatih came in
2020-02-26 20:51:43,063 - WARNING - Unknown entrance
2020-02-26 20:51:43,180 - WARNING - fatih came in
2020-02-26 20:51:43,312 - WARNING - fatih came in
2020-02-26 20:51:43,444 - WARNING - fatih came in
2020-02-26 20:51:43,579 - WARNING - fatih came in
2020-02-26 20:51:43,711 - WARNING - fatih came in
2020-02-26 20:51:43,843 - WARNING - fatih came in
2020-02-26 20:51:43,975 - WARNING - fatih came in
2020-02-26 20:51:44,108 - WARNING - fatih came in
2020-02-26 20:51:44,243 - WARNING - fatih came in
2020-02-26 20:51:44,376 - WARNING - fatih came in
2020-02-26 20:51:44,507 - WARNING - fatih came in
2020-02-26 20:51:44,640 - WARNING - fatih came in
2020-02-26 20:51:44,775 - WARNING - fatih came in
2020-02-26 20:51:44,907 - WARNING - fatih came in
2020-02-26 20:51:45,040 - WARNING - fatih came in
2020-02-26 20:51:45,171 - WARNING - fatih came in
2020-02-26 20:51:45,355 - WARNING - fatih came in
2020-02-26 20:51:45,371 - WARNING - Unknown entrance
2020-02-26 20:51:45,528 - WARNING - fatih came in
2020-02-26 20:51:45,544 - WARNING - Unknown entrance
2020-02-26 20:51:45,716 - WARNING - Unknown entrance
2020-02-26 20:51:45,717 - WARNING - fatih came in
2020-02-26 20:51:45,890 - WARNING - Unknown entrance
2020-02-26 20:51:45,890 - WARNING - fatih came in
2020-02-26 20:51:46,062 - WARNING - Unknown entrance
2020-02-26 20:51:46,063 - WARNING - fatih came in
2020-02-26 20:51:46,235 - WARNING - Unknown entrance
2020-02-26 20:51:46,236 - WARNING - fatih came in
2020-02-26 20:51:46,392 - WARNING - fatih came in
2020-02-26 20:51:46,409 - WARNING - Unknown entrance
2020-02-26 20:51:46,566 - WARNING - fatih came in
2020-02-26 20:51:46,582 - WARNING - Unknown entrance
2020-02-26 20:51:46,755 - WARNING - Unknown entrance
2020-02-26 20:51:46,755 - WARNING - fatih came in
2020-02-26 20:51:46,912 - WARNING - fatih came in
2020-02-26 20:51:46,928 - WARNING - Unknown entrance
2020-02-26 20:51:47,077 - WARNING - fatih came in
2020-02-26 20:51:47,093 - WARNING - Unknown entrance
2020-02-26 20:51:47,245 - WARNING - fatih came in
2020-02-26 20:51:47,261 - WARNING - Unknown entrance
2020-02-26 20:51:47,410 - WARNING - fatih came in
2020-02-26 20:51:47,425 - WARNING - Unknown entrance
2020-02-26 20:51:47,573 - WARNING - fatih came in
2020-02-26 20:51:47,588 - WARNING - Unknown entrance
2020-02-26 20:51:47,744 - WARNING - fatih came in
2020-02-26 20:51:47,759 - WARNING - Unknown entrance
2020-02-26 20:51:47,921 - WARNING - fatih came in
2020-02-26 20:51:47,937 - WARNING - Unknown entrance
2020-02-26 20:51:48,099 - WARNING - fatih came in
2020-02-26 20:51:48,115 - WARNING - Unknown entrance
2020-02-26 20:51:48,294 - WARNING - Unknown entrance
2020-02-26 20:51:48,294 - WARNING - fatih came in
2020-02-26 20:51:48,472 - WARNING - Unknown entrance
2020-02-26 20:51:48,473 - WARNING - fatih came in
2020-02-26 20:51:48,636 - WARNING - fatih came in
2020-02-26 20:51:48,652 - WARNING - Unknown entrance
2020-02-26 20:51:48,831 - WARNING - Unknown entrance
2020-02-26 20:51:48,831 - WARNING - fatih came in
2020-02-26 20:51:49,010 - WARNING - Unknown entrance
2020-02-26 20:51:49,011 - WARNING - fatih came in
2020-02-26 20:51:49,173 - WARNING - fatih came in
2020-02-26 20:51:49,189 - WARNING - Unknown entrance
2020-02-26 20:51:49,351 - WARNING - fatih came in
2020-02-26 20:51:49,367 - WARNING - Unknown entrance
2020-02-26 20:51:49,545 - WARNING - Unknown entrance
2020-02-26 20:51:49,546 - WARNING - fatih came in
2020-02-26 20:51:49,708 - WARNING - fatih came in
2020-02-26 20:51:49,724 - WARNING - Unknown entrance
2020-02-26 20:51:49,903 - WARNING - Unknown entrance
2020-02-26 20:51:49,903 - WARNING - fatih came in
2020-02-26 20:51:50,082 - WARNING - Unknown entrance
2020-02-26 20:51:50,082 - WARNING - fatih came in
2020-02-26 20:51:50,246 - WARNING - fatih came in
2020-02-26 20:51:50,261 - WARNING - Unknown entrance
2020-02-26 20:51:50,424 - WARNING - fatih came in
2020-02-26 20:51:50,439 - WARNING - Unknown entrance
2020-02-26 20:51:50,618 - WARNING - Unknown entrance
2020-02-26 20:51:50,618 - WARNING - fatih came in
2020-02-26 20:51:50,796 - WARNING - Unknown entrance
2020-02-26 20:51:50,797 - WARNING - fatih came in
2020-02-26 20:51:50,959 - WARNING - fatih came in
2020-02-26 20:51:50,975 - WARNING - Unknown entrance
2020-02-26 20:51:51,152 - WARNING - Unknown entrance
2020-02-26 20:51:51,152 - WARNING - fatih came in
2020-02-26 20:51:51,315 - WARNING - fatih came in
2020-02-26 20:51:51,331 - WARNING - Unknown entrance
2020-02-26 20:51:51,494 - WARNING - fatih came in
2020-02-26 20:51:51,510 - WARNING - Unknown entrance
2020-02-26 20:51:51,672 - WARNING - fatih came in
2020-02-26 20:51:51,688 - WARNING - Unknown entrance
2020-02-26 20:51:51,851 - WARNING - fatih came in
2020-02-26 20:51:51,866 - WARNING - Unknown entrance
2020-02-26 20:51:52,029 - WARNING - fatih came in
2020-02-26 20:51:52,044 - WARNING - Unknown entrance
2020-02-26 20:51:52,207 - WARNING - fatih came in
2020-02-26 20:51:52,223 - WARNING - Unknown entrance
2020-02-26 20:51:52,386 - WARNING - fatih came in
2020-02-26 20:51:52,401 - WARNING - Unknown entrance
2020-02-26 20:51:52,564 - WARNING - fatih came in
2020-02-26 20:51:52,580 - WARNING - Unknown entrance
2020-02-26 20:51:52,743 - WARNING - fatih came in
2020-02-26 20:51:52,759 - WARNING - Unknown entrance
2020-02-26 20:51:52,921 - WARNING - fatih came in
2020-02-26 20:51:52,937 - WARNING - Unknown entrance
2020-02-26 20:51:53,101 - WARNING - fatih came in
2020-02-26 20:51:53,116 - WARNING - Unknown entrance
2020-02-26 20:51:53,279 - WARNING - fatih came in
2020-02-26 20:51:53,295 - WARNING - Unknown entrance
2020-02-26 20:51:53,474 - WARNING - Unknown entrance
2020-02-26 20:51:53,474 - WARNING - fatih came in
2020-02-26 20:51:53,638 - WARNING - fatih came in
2020-02-26 20:51:53,653 - WARNING - Unknown entrance
2020-02-26 20:51:53,832 - WARNING - Unknown entrance
2020-02-26 20:51:53,833 - WARNING - fatih came in
2020-02-26 20:51:53,996 - WARNING - fatih came in
2020-02-26 20:51:54,012 - WARNING - Unknown entrance
2020-02-26 20:51:54,192 - WARNING - Unknown entrance
2020-02-26 20:51:54,192 - WARNING - fatih came in
2020-02-26 20:51:54,351 - WARNING - fatih came in
2020-02-26 20:51:54,366 - WARNING - Unknown entrance
